2021-10-05 12:14:18,312 INFO Let the games begin
2021-10-05 12:38:00,703 INFO in epoch[0]  Iter [500/1029]  Loss: 0.58525255 ;  val_loss:0.00000000
2021-10-05 12:40:13,812 INFO in epoch[0]  Iter [1000/1029]  Loss: 0.57976234 ;  val_loss:0.00000000
2021-10-05 12:41:47,781 INFO Iter 1 Val Loss: 0.57469510
2021-10-05 12:41:47,781 INFO ecpch[0] loss: 0.57963907 ;  val_loss:0.57469510 my_total_loss:1.15433417
2021-10-05 12:41:47,921 INFO score Overall Acc: 	: 0.9963322925103104
2021-10-05 12:41:47,921 INFO score Mean Acc : 	: 0.6456116565260049
2021-10-05 12:41:47,921 INFO score FreqW Acc : 	: 0.9940839394070671
2021-10-05 12:41:47,921 INFO score Mean IoU : 	: 0.5882411087283231
2021-10-05 12:41:47,921 INFO start_iter:0  class_iou: 0: 0.9963293341716807
2021-10-05 12:41:47,921 INFO start_iter:0  class_iou: 1: 0.18015288328496565
2021-10-05 12:44:31,468 INFO in epoch[1]  Iter [500/1029]  Loss: 0.57337070 ;  val_loss:0.57469510
2021-10-05 12:46:45,359 INFO in epoch[1]  Iter [1000/1029]  Loss: 0.57300915 ;  val_loss:0.57469510
2021-10-05 12:48:12,953 INFO Iter 2 Val Loss: 0.57364916
2021-10-05 12:48:12,953 INFO ecpch[1] loss: 0.57297128 ;  val_loss:0.57364916 my_total_loss:1.14662044
2021-10-05 12:48:13,093 INFO score Overall Acc: 	: 0.99755859375
2021-10-05 12:48:13,093 INFO score Mean Acc : 	: 0.7245774248197254
2021-10-05 12:48:13,109 INFO score FreqW Acc : 	: 0.9957369556340145
2021-10-05 12:48:13,109 INFO score Mean IoU : 	: 0.6670328986808112
2021-10-05 12:48:13,109 INFO start_iter:1  class_iou: 0: 0.9975555669603637
2021-10-05 12:48:13,109 INFO start_iter:1  class_iou: 1: 0.33651023040125855
2021-10-05 12:50:57,812 INFO in epoch[2]  Iter [500/1029]  Loss: 0.57225185 ;  val_loss:0.57364916
2021-10-05 12:53:11,781 INFO in epoch[2]  Iter [1000/1029]  Loss: 0.57212108 ;  val_loss:0.57364916
2021-10-05 12:54:39,390 INFO Iter 3 Val Loss: 0.57337371
2021-10-05 12:54:39,390 INFO ecpch[2] loss: 0.57213460 ;  val_loss:0.57337371 my_total_loss:1.14550831
2021-10-05 12:54:39,531 INFO score Overall Acc: 	: 0.9969944126103558
2021-10-05 12:54:39,531 INFO score Mean Acc : 	: 0.7650542190957769
2021-10-05 12:54:39,531 INFO score FreqW Acc : 	: 0.9951479330736894
2021-10-05 12:54:39,531 INFO score Mean IoU : 	: 0.6622028484586566
2021-10-05 12:54:39,531 INFO start_iter:2  class_iou: 0: 0.9969900086097981
2021-10-05 12:54:39,531 INFO start_iter:2  class_iou: 1: 0.32741568830751505
2021-10-05 12:57:22,703 INFO in epoch[3]  Iter [500/1029]  Loss: 0.57239325 ;  val_loss:0.57337371
2021-10-05 12:59:36,171 INFO in epoch[3]  Iter [1000/1029]  Loss: 0.57200993 ;  val_loss:0.57337371
2021-10-05 13:01:03,577 INFO Iter 4 Val Loss: 0.57305885
2021-10-05 13:01:03,577 INFO ecpch[3] loss: 0.57197183 ;  val_loss:0.57305885 my_total_loss:1.14503068
2021-10-05 13:01:03,718 INFO score Overall Acc: 	: 0.9977538854954666
2021-10-05 13:01:03,718 INFO score Mean Acc : 	: 0.7866510319614821
2021-10-05 13:01:03,718 INFO score FreqW Acc : 	: 0.996141560698732
2021-10-05 13:01:03,718 INFO score Mean IoU : 	: 0.705365194341405
2021-10-05 13:01:03,718 INFO start_iter:3  class_iou: 0: 0.9977503306001251
2021-10-05 13:01:03,718 INFO start_iter:3  class_iou: 1: 0.412980058082685
2021-10-05 13:03:45,983 INFO in epoch[4]  Iter [500/1029]  Loss: 0.57169551 ;  val_loss:0.57305885
2021-10-05 13:05:58,779 INFO in epoch[4]  Iter [1000/1029]  Loss: 0.57167925 ;  val_loss:0.57305885
2021-10-05 13:07:25,873 INFO Iter 5 Val Loss: 0.57305328
2021-10-05 13:07:25,873 INFO ecpch[4] loss: 0.57166649 ;  val_loss:0.57305328 my_total_loss:1.14471977
2021-10-05 13:07:26,013 INFO score Overall Acc: 	: 0.9976691537104528
2021-10-05 13:07:26,013 INFO score Mean Acc : 	: 0.7877014514632786
2021-10-05 13:07:26,013 INFO score FreqW Acc : 	: 0.996034823633248
2021-10-05 13:07:26,013 INFO score Mean IoU : 	: 0.7013079100907932
2021-10-05 13:07:26,013 INFO start_iter:4  class_iou: 0: 0.9976654506115593
2021-10-05 13:07:26,013 INFO start_iter:4  class_iou: 1: 0.4049503695700271
2021-10-05 13:10:07,560 INFO in epoch[5]  Iter [500/1029]  Loss: 0.57171187 ;  val_loss:0.57305328
2021-10-05 13:12:20,450 INFO in epoch[5]  Iter [1000/1029]  Loss: 0.57157308 ;  val_loss:0.57305328
2021-10-05 13:13:47,465 INFO Iter 6 Val Loss: 0.57290780
2021-10-05 13:13:47,465 INFO ecpch[5] loss: 0.57157660 ;  val_loss:0.57290780 my_total_loss:1.14448440
2021-10-05 13:13:47,606 INFO score Overall Acc: 	: 0.9980863562928284
2021-10-05 13:13:47,606 INFO score Mean Acc : 	: 0.7939795399411658
2021-10-05 13:13:47,606 INFO score FreqW Acc : 	: 0.9965985335134323
2021-10-05 13:13:47,606 INFO score Mean IoU : 	: 0.7282438303283935
2021-10-05 13:13:47,606 INFO start_iter:5  class_iou: 0: 0.9980832517344821
2021-10-05 13:13:47,606 INFO start_iter:5  class_iou: 1: 0.4584044089223049
2021-10-05 13:16:29,605 INFO in epoch[6]  Iter [500/1029]  Loss: 0.57137650 ;  val_loss:0.57290780
2021-10-05 13:18:42,495 INFO in epoch[6]  Iter [1000/1029]  Loss: 0.57144470 ;  val_loss:0.57290780
2021-10-05 13:20:09,323 INFO Iter 7 Val Loss: 0.57553893
2021-10-05 13:20:09,323 INFO ecpch[6] loss: 0.57148694 ;  val_loss:0.57553893 my_total_loss:1.14702588
2021-10-05 13:20:09,323 INFO score Overall Acc: 	: 0.9972485041927299
2021-10-05 13:20:09,323 INFO score Mean Acc : 	: 0.4999998087565332
2021-10-05 13:20:09,323 INFO score FreqW Acc : 	: 0.9945049594997896
2021-10-05 13:20:09,323 INFO score Mean IoU : 	: 0.49862425209636496
2021-10-05 13:20:09,323 INFO start_iter:6  class_iou: 0: 0.9972485041927299
2021-10-05 13:20:09,323 INFO start_iter:6  class_iou: 1: 0.0
2021-10-05 13:22:51,432 INFO in epoch[7]  Iter [500/1029]  Loss: 0.57175796 ;  val_loss:0.57553893
2021-10-05 13:25:04,228 INFO in epoch[7]  Iter [1000/1029]  Loss: 0.57165593 ;  val_loss:0.57553893
2021-10-05 13:26:31,494 INFO Iter 8 Val Loss: 0.57294416
2021-10-05 13:26:31,494 INFO ecpch[7] loss: 0.57163957 ;  val_loss:0.57294416 my_total_loss:1.14458373
2021-10-05 13:26:31,494 INFO score Overall Acc: 	: 0.9981481739510816
2021-10-05 13:26:31,494 INFO score Mean Acc : 	: 0.7916864646548616
2021-10-05 13:26:31,494 INFO score FreqW Acc : 	: 0.9966773209609333
2021-10-05 13:26:31,494 INFO score Mean IoU : 	: 0.7313673820091304
2021-10-05 13:26:31,494 INFO start_iter:7  class_iou: 0: 0.9981451935039225
2021-10-05 13:26:31,494 INFO start_iter:7  class_iou: 1: 0.46458957051433836
2021-10-05 13:29:13,587 INFO in epoch[8]  Iter [500/1029]  Loss: 0.57122628 ;  val_loss:0.57294416
2021-10-05 13:31:26,555 INFO in epoch[8]  Iter [1000/1029]  Loss: 0.57131726 ;  val_loss:0.57294416
2021-10-05 13:32:53,821 INFO Iter 9 Val Loss: 0.57298284
2021-10-05 13:32:53,821 INFO ecpch[8] loss: 0.57134428 ;  val_loss:0.57298284 my_total_loss:1.14432713
2021-10-05 13:32:53,821 INFO score Overall Acc: 	: 0.998315354522433
2021-10-05 13:32:53,821 INFO score Mean Acc : 	: 0.7830738334379306
2021-10-05 13:32:53,821 INFO score FreqW Acc : 	: 0.996888479453937
2021-10-05 13:32:53,821 INFO score Mean IoU : 	: 0.7394640198379451
2021-10-05 13:32:53,821 INFO start_iter:8  class_iou: 0: 0.9983127242359344
2021-10-05 13:32:53,821 INFO start_iter:8  class_iou: 1: 0.4806153154399557
2021-10-05 13:35:37,046 INFO in epoch[9]  Iter [500/1029]  Loss: 0.57121406 ;  val_loss:0.57298284
2021-10-05 13:37:50,687 INFO in epoch[9]  Iter [1000/1029]  Loss: 0.57132954 ;  val_loss:0.57298284
2021-10-05 13:39:17,952 INFO Iter 10 Val Loss: 0.57259753
2021-10-05 13:39:17,952 INFO ecpch[9] loss: 0.57131539 ;  val_loss:0.57259753 my_total_loss:1.14391293
2021-10-05 13:39:18,093 INFO score Overall Acc: 	: 0.9980145343885342
2021-10-05 13:39:18,093 INFO score Mean Acc : 	: 0.8353431762073698
2021-10-05 13:39:18,093 INFO score FreqW Acc : 	: 0.9965914917929607
2021-10-05 13:39:18,093 INFO score Mean IoU : 	: 0.740048769317239
2021-10-05 13:39:18,093 INFO start_iter:9  class_iou: 0: 0.9980108582136593
2021-10-05 13:39:18,093 INFO start_iter:9  class_iou: 1: 0.48208668042081854
2021-10-05 13:42:01,187 INFO in epoch[10]  Iter [500/1029]  Loss: 0.57110849 ;  val_loss:0.57259753
2021-10-05 13:44:14,890 INFO in epoch[10]  Iter [1000/1029]  Loss: 0.57124252 ;  val_loss:0.57259753
2021-10-05 13:45:42,046 INFO Iter 11 Val Loss: 0.57285860
2021-10-05 13:45:42,046 INFO ecpch[10] loss: 0.57129441 ;  val_loss:0.57285860 my_total_loss:1.14415301
2021-10-05 13:45:42,046 INFO score Overall Acc: 	: 0.9979019270214063
2021-10-05 13:45:42,046 INFO score Mean Acc : 	: 0.8074334674583435
2021-10-05 13:45:42,046 INFO score FreqW Acc : 	: 0.9963821924114832
2021-10-05 13:45:42,046 INFO score Mean IoU : 	: 0.7223421172269322
2021-10-05 13:45:42,046 INFO start_iter:10  class_iou: 0: 0.9978983659239846
2021-10-05 13:45:42,046 INFO start_iter:10  class_iou: 1: 0.44678586852987984
2021-10-05 13:48:25,078 INFO in epoch[11]  Iter [500/1029]  Loss: 0.57119837 ;  val_loss:0.57285860
2021-10-05 13:50:38,906 INFO in epoch[11]  Iter [1000/1029]  Loss: 0.57121600 ;  val_loss:0.57285860
2021-10-05 13:52:06,593 INFO Iter 12 Val Loss: 0.57243182
2021-10-05 13:52:06,593 INFO ecpch[11] loss: 0.57122295 ;  val_loss:0.57243182 my_total_loss:1.14365477
2021-10-05 13:52:06,734 INFO score Overall Acc: 	: 0.9983213004157907
2021-10-05 13:52:06,734 INFO score Mean Acc : 	: 0.8450438649262374
2021-10-05 13:52:06,734 INFO score FreqW Acc : 	: 0.9970325221947114
2021-10-05 13:52:06,734 INFO score Mean IoU : 	: 0.7646707327060249
2021-10-05 13:52:06,734 INFO start_iter:11  class_iou: 0: 0.9983181034743944
2021-10-05 13:52:06,734 INFO start_iter:11  class_iou: 1: 0.5310233619376555
2021-10-05 13:54:49,750 INFO in epoch[12]  Iter [500/1029]  Loss: 0.57120246 ;  val_loss:0.57243182
2021-10-05 13:57:03,406 INFO in epoch[12]  Iter [1000/1029]  Loss: 0.57119631 ;  val_loss:0.57243182
2021-10-05 13:58:30,859 INFO Iter 13 Val Loss: 0.57247341
2021-10-05 13:58:30,859 INFO ecpch[12] loss: 0.57117325 ;  val_loss:0.57247341 my_total_loss:1.14364666
2021-10-05 13:58:30,859 INFO score Overall Acc: 	: 0.9982115650273412
2021-10-05 13:58:30,859 INFO score Mean Acc : 	: 0.8463379447625261
2021-10-05 13:58:30,859 INFO score FreqW Acc : 	: 0.9968820980742225
2021-10-05 13:58:30,859 INFO score Mean IoU : 	: 0.7572062303098355
2021-10-05 13:58:30,859 INFO start_iter:12  class_iou: 0: 0.9982081457409567
2021-10-05 13:58:30,859 INFO start_iter:12  class_iou: 1: 0.5162043148787142
2021-10-05 14:01:13,671 INFO in epoch[13]  Iter [500/1029]  Loss: 0.57121045 ;  val_loss:0.57247341
2021-10-05 14:03:27,406 INFO in epoch[13]  Iter [1000/1029]  Loss: 0.57119059 ;  val_loss:0.57247341
2021-10-05 14:04:54,937 INFO Iter 14 Val Loss: 0.57293564
2021-10-05 14:04:54,937 INFO ecpch[13] loss: 0.57117318 ;  val_loss:0.57293564 my_total_loss:1.14410881
2021-10-05 14:04:54,937 INFO score Overall Acc: 	: 0.9983006440457061
2021-10-05 14:04:54,937 INFO score Mean Acc : 	: 0.7891673942042723
2021-10-05 14:04:54,937 INFO score FreqW Acc : 	: 0.9968824318630829
2021-10-05 14:04:54,937 INFO score Mean IoU : 	: 0.7410382646410304
2021-10-05 14:04:54,937 INFO start_iter:13  class_iou: 0: 0.9982979334075516
2021-10-05 14:04:54,937 INFO start_iter:13  class_iou: 1: 0.48377859587450917
2021-10-05 14:07:38,531 INFO in epoch[14]  Iter [500/1029]  Loss: 0.57107240 ;  val_loss:0.57293564
2021-10-05 14:09:52,562 INFO in epoch[14]  Iter [1000/1029]  Loss: 0.57120144 ;  val_loss:0.57293564
2021-10-05 14:11:19,843 INFO Iter 15 Val Loss: 0.57288961
2021-10-05 14:11:19,843 INFO ecpch[14] loss: 0.57117305 ;  val_loss:0.57288961 my_total_loss:1.14406266
2021-10-05 14:11:19,843 INFO score Overall Acc: 	: 0.9982244861267275
2021-10-05 14:11:19,843 INFO score Mean Acc : 	: 0.7947716358653891
2021-10-05 14:11:19,843 INFO score FreqW Acc : 	: 0.996789494842969
2021-10-05 14:11:19,843 INFO score Mean IoU : 	: 0.73794457637523
2021-10-05 14:11:19,843 INFO start_iter:14  class_iou: 0: 0.9982215985561287
2021-10-05 14:11:19,843 INFO start_iter:14  class_iou: 1: 0.47766755419433143
2021-10-05 14:14:03,109 INFO in epoch[15]  Iter [500/1029]  Loss: 0.57109688 ;  val_loss:0.57288961
2021-10-05 14:16:16,843 INFO in epoch[15]  Iter [1000/1029]  Loss: 0.57113282 ;  val_loss:0.57288961
2021-10-05 14:17:44,484 INFO Iter 16 Val Loss: 0.57273460
2021-10-05 14:17:44,484 INFO ecpch[15] loss: 0.57111861 ;  val_loss:0.57273460 my_total_loss:1.14385321
2021-10-05 14:17:44,484 INFO score Overall Acc: 	: 0.9983626720539601
2021-10-05 14:17:44,484 INFO score Mean Acc : 	: 0.8134837988429833
2021-10-05 14:17:44,484 INFO score FreqW Acc : 	: 0.9970252800059227
2021-10-05 14:17:44,484 INFO score Mean IoU : 	: 0.7558108129248775
2021-10-05 14:17:44,484 INFO start_iter:15  class_iou: 0: 0.9983598402361159
2021-10-05 14:17:44,484 INFO start_iter:15  class_iou: 1: 0.513261785613639
2021-10-05 14:20:27,515 INFO in epoch[16]  Iter [500/1029]  Loss: 0.57102302 ;  val_loss:0.57273460
2021-10-05 14:22:41,265 INFO in epoch[16]  Iter [1000/1029]  Loss: 0.57112058 ;  val_loss:0.57273460
2021-10-05 14:24:08,921 INFO Iter 17 Val Loss: 0.57276479
2021-10-05 14:24:08,921 INFO ecpch[16] loss: 0.57111966 ;  val_loss:0.57276479 my_total_loss:1.14388445
2021-10-05 14:24:08,921 INFO score Overall Acc: 	: 0.9983278437031509
2021-10-05 14:24:08,921 INFO score Mean Acc : 	: 0.8060051182511501
2021-10-05 14:24:08,921 INFO score FreqW Acc : 	: 0.9969594905126908
2021-10-05 14:24:08,921 INFO score Mean IoU : 	: 0.7501473690973611
2021-10-05 14:24:08,921 INFO start_iter:16  class_iou: 0: 0.9983250207213736
2021-10-05 14:24:08,921 INFO start_iter:16  class_iou: 1: 0.5019697174733486
2021-10-05 14:26:51,765 INFO in epoch[17]  Iter [500/1029]  Loss: 0.57122422 ;  val_loss:0.57276479
2021-10-05 14:29:05,249 INFO in epoch[17]  Iter [1000/1029]  Loss: 0.57106518 ;  val_loss:0.57276479
2021-10-05 14:30:32,953 INFO Iter 18 Val Loss: 0.57275337
2021-10-05 14:30:32,953 INFO ecpch[17] loss: 0.57107382 ;  val_loss:0.57275337 my_total_loss:1.14382718
2021-10-05 14:30:32,953 INFO score Overall Acc: 	: 0.9982649714902266
2021-10-05 14:30:32,953 INFO score Mean Acc : 	: 0.8108321814169157
2021-10-05 14:30:32,953 INFO score FreqW Acc : 	: 0.9968821066620012
2021-10-05 14:30:32,953 INFO score Mean IoU : 	: 0.7474747059731058
2021-10-05 14:30:32,953 INFO start_iter:17  class_iou: 0: 0.9982619956964487
2021-10-05 14:30:32,953 INFO start_iter:17  class_iou: 1: 0.49668741624976304
2021-10-05 14:33:16,234 INFO in epoch[18]  Iter [500/1029]  Loss: 0.57118618 ;  val_loss:0.57275337
2021-10-05 14:35:29,859 INFO in epoch[18]  Iter [1000/1029]  Loss: 0.57104102 ;  val_loss:0.57275337
2021-10-05 14:36:57,437 INFO Iter 19 Val Loss: 0.57265859
2021-10-05 14:36:57,437 INFO ecpch[18] loss: 0.57099761 ;  val_loss:0.57265859 my_total_loss:1.14365620
2021-10-05 14:36:57,437 INFO score Overall Acc: 	: 0.9983402010645348
2021-10-05 14:36:57,437 INFO score Mean Acc : 	: 0.8199684384453401
2021-10-05 14:36:57,437 INFO score FreqW Acc : 	: 0.9970075249130511
2021-10-05 14:36:57,437 INFO score Mean IoU : 	: 0.7566632447314505
2021-10-05 14:36:57,453 INFO start_iter:18  class_iou: 0: 0.9983372706856253
2021-10-05 14:36:57,453 INFO start_iter:18  class_iou: 1: 0.5149892187772758
2021-10-05 14:39:40,921 INFO in epoch[19]  Iter [500/1029]  Loss: 0.57113551 ;  val_loss:0.57265859
2021-10-05 14:41:54,812 INFO in epoch[19]  Iter [1000/1029]  Loss: 0.57099197 ;  val_loss:0.57265859
2021-10-05 14:43:22,328 INFO Iter 20 Val Loss: 0.57274741
2021-10-05 14:43:22,328 INFO ecpch[19] loss: 0.57098338 ;  val_loss:0.57274741 my_total_loss:1.14373079
2021-10-05 14:43:22,328 INFO score Overall Acc: 	: 0.998345810397891
2021-10-05 14:43:22,328 INFO score Mean Acc : 	: 0.8089878372065641
2021-10-05 14:43:22,328 INFO score FreqW Acc : 	: 0.9969915026833379
2021-10-05 14:43:22,328 INFO score Mean IoU : 	: 0.7527174641519476
2021-10-05 14:43:22,328 INFO start_iter:19  class_iou: 0: 0.9983429905150487
2021-10-05 14:43:22,328 INFO start_iter:19  class_iou: 1: 0.5070919377888464
2021-10-05 14:46:05,859 INFO in epoch[20]  Iter [500/1029]  Loss: 0.57102423 ;  val_loss:0.57274741
2021-10-05 14:48:21,015 INFO in epoch[20]  Iter [1000/1029]  Loss: 0.57096261 ;  val_loss:0.57274741
2021-10-05 14:49:48,937 INFO Iter 21 Val Loss: 0.57285781
2021-10-05 14:49:48,937 INFO ecpch[20] loss: 0.57096261 ;  val_loss:0.57285781 my_total_loss:1.14382042
2021-10-05 14:49:48,937 INFO score Overall Acc: 	: 0.9983263460111447
2021-10-05 14:49:48,937 INFO score Mean Acc : 	: 0.7964213935811612
2021-10-05 14:49:48,937 INFO score FreqW Acc : 	: 0.9969355455443151
2021-10-05 14:49:48,937 INFO score Mean IoU : 	: 0.7460506109632704
2021-10-05 14:49:48,953 INFO start_iter:20  class_iou: 0: 0.9983236092873324
2021-10-05 14:49:48,953 INFO start_iter:20  class_iou: 1: 0.49377761263920844
2021-10-05 14:52:32,749 INFO in epoch[21]  Iter [500/1029]  Loss: 0.57105535 ;  val_loss:0.57285781
2021-10-05 14:54:46,500 INFO in epoch[21]  Iter [1000/1029]  Loss: 0.57094037 ;  val_loss:0.57285781
2021-10-05 14:56:14,187 INFO Iter 22 Val Loss: 0.57286299
2021-10-05 14:56:14,187 INFO ecpch[21] loss: 0.57094939 ;  val_loss:0.57286299 my_total_loss:1.14381238
2021-10-05 14:56:14,187 INFO score Overall Acc: 	: 0.9983782519773573
2021-10-05 14:56:14,187 INFO score Mean Acc : 	: 0.7955680130790896
2021-10-05 14:56:14,187 INFO score FreqW Acc : 	: 0.9970070213408033
2021-10-05 14:56:14,187 INFO score Mean IoU : 	: 0.7496424589272321
2021-10-05 14:56:14,187 INFO start_iter:21  class_iou: 0: 0.9983756080236467
2021-10-05 14:56:14,187 INFO start_iter:21  class_iou: 1: 0.5009093098308175
2021-10-05 14:58:57,671 INFO in epoch[22]  Iter [500/1029]  Loss: 0.57088557 ;  val_loss:0.57286299
2021-10-05 15:01:11,734 INFO in epoch[22]  Iter [1000/1029]  Loss: 0.57095112 ;  val_loss:0.57286299
2021-10-05 15:02:39,500 INFO Iter 23 Val Loss: 0.57291909
2021-10-05 15:02:39,500 INFO ecpch[22] loss: 0.57094535 ;  val_loss:0.57291909 my_total_loss:1.14386445
2021-10-05 15:02:39,500 INFO score Overall Acc: 	: 0.9983300874364933
2021-10-05 15:02:39,515 INFO score Mean Acc : 	: 0.7897499573658402
2021-10-05 15:02:39,515 INFO score FreqW Acc : 	: 0.9969251982490083
2021-10-05 15:02:39,515 INFO score Mean IoU : 	: 0.7434815494872077
2021-10-05 15:02:39,515 INFO start_iter:22  class_iou: 0: 0.9983274185151704
2021-10-05 15:02:39,515 INFO start_iter:22  class_iou: 1: 0.48863568045924494
2021-10-05 15:05:23,249 INFO in epoch[23]  Iter [500/1029]  Loss: 0.57091995 ;  val_loss:0.57291909
2021-10-05 15:07:36,311 INFO in epoch[23]  Iter [1000/1029]  Loss: 0.57092876 ;  val_loss:0.57291909
2021-10-05 15:09:03,858 INFO Iter 24 Val Loss: 0.57296040
2021-10-05 15:09:03,858 INFO ecpch[23] loss: 0.57094139 ;  val_loss:0.57296040 my_total_loss:1.14390179
2021-10-05 15:09:03,858 INFO score Overall Acc: 	: 0.9983294423631573
2021-10-05 15:09:03,858 INFO score Mean Acc : 	: 0.7842088735975823
2021-10-05 15:09:03,858 INFO score FreqW Acc : 	: 0.9969110452755763
2021-10-05 15:09:03,858 INFO score Mean IoU : 	: 0.7410168438076308
2021-10-05 15:09:03,873 INFO start_iter:23  class_iou: 0: 0.9983268236430546
2021-10-05 15:09:03,873 INFO start_iter:23  class_iou: 1: 0.4837068639722071
2021-10-05 15:11:46,810 INFO in epoch[24]  Iter [500/1029]  Loss: 0.57126250 ;  val_loss:0.57296040
2021-10-05 15:14:00,044 INFO in epoch[24]  Iter [1000/1029]  Loss: 0.57095836 ;  val_loss:0.57296040
2021-10-05 15:15:27,263 INFO Iter 25 Val Loss: 0.57289873
2021-10-05 15:15:27,263 INFO ecpch[24] loss: 0.57092936 ;  val_loss:0.57289873 my_total_loss:1.14382809
2021-10-05 15:15:27,263 INFO score Overall Acc: 	: 0.9983766000286839
2021-10-05 15:15:27,263 INFO score Mean Acc : 	: 0.7918248841255489
2021-10-05 15:15:27,263 INFO score FreqW Acc : 	: 0.9969959238609893
2021-10-05 15:15:27,263 INFO score Mean IoU : 	: 0.747918541919053
2021-10-05 15:15:27,263 INFO start_iter:24  class_iou: 0: 0.9983739870103636
2021-10-05 15:15:27,263 INFO start_iter:24  class_iou: 1: 0.49746309682774237
2021-10-05 15:18:09,153 INFO in epoch[25]  Iter [500/1029]  Loss: 0.57101846 ;  val_loss:0.57289873
2021-10-05 15:20:22,199 INFO in epoch[25]  Iter [1000/1029]  Loss: 0.57089515 ;  val_loss:0.57289873
2021-10-05 15:21:49,215 INFO Iter 26 Val Loss: 0.57289443
2021-10-05 15:21:49,215 INFO ecpch[25] loss: 0.57092282 ;  val_loss:0.57289443 my_total_loss:1.14381725
2021-10-05 15:21:49,215 INFO score Overall Acc: 	: 0.9983720340313319
2021-10-05 15:21:49,215 INFO score Mean Acc : 	: 0.7915811396762457
2021-10-05 15:21:49,215 INFO score FreqW Acc : 	: 0.9969888632083965
2021-10-05 15:21:49,215 INFO score Mean IoU : 	: 0.747461521071337
2021-10-05 15:21:49,215 INFO start_iter:25  class_iou: 0: 0.9983694158393879
2021-10-05 15:21:49,215 INFO start_iter:25  class_iou: 1: 0.4965536263032861
2021-10-05 15:24:31,183 INFO in epoch[26]  Iter [500/1029]  Loss: 0.57071140 ;  val_loss:0.57289443
2021-10-05 15:26:44,042 INFO in epoch[26]  Iter [1000/1029]  Loss: 0.57092248 ;  val_loss:0.57289443
2021-10-05 15:28:11,823 INFO Iter 27 Val Loss: 0.57285997
2021-10-05 15:28:11,823 INFO ecpch[26] loss: 0.57091080 ;  val_loss:0.57285997 my_total_loss:1.14377077
2021-10-05 15:51:39,365 INFO ============================
2021-10-05 15:51:39,365 INFO =============  in best model ===============
2021-10-05 15:51:39,365 INFO {'dice': 0.47594839836424563, 'iou': 0.3570247725146819, 'precision': 0.4779913774413792, 'recall': 0.524818852498576, 'f1_scores': 0.47594839836424563, 'metrics': 1714176.0}
2021-10-05 15:51:39,365 INFO ============================


