2021-10-24 17:38:45,392 INFO Let the games begin
2021-10-24 17:38:45,393 INFO Let the games begin
2021-10-24 17:38:45,393 INFO ========================================
2021-10-24 17:38:45,393 INFO # parameters: 
2021-10-24 17:38:45,393 INFO IMG_H=192
2021-10-24 17:38:45,393 INFO IMG_W=192
2021-10-24 17:38:45,393 INFO img_depth=4
2021-10-24 17:38:45,393 INFO img_depth_out_num=2
2021-10-24 17:38:45,393 INFO batch_size=8
2021-10-24 17:38:45,393 INFO n_classes=2
2021-10-24 17:38:45,393 INFO learning_rate=0.001
2021-10-24 17:38:45,393 INFO patience_scheduler=5
2021-10-24 17:38:45,395 INFO patience_early_stop=10
2021-10-24 17:38:45,395 INFO ReduceLR_factor=0.2
2021-10-24 17:38:45,395 INFO ========================================
2021-10-24 17:38:45,456 INFO ==========================================
2021-10-24 17:38:45,456 INFO Device:cuda
2021-10-24 17:38:45,457 INFO Current cuda device:0
2021-10-24 17:38:45,457 INFO torch.cuda.device_count()=1
2021-10-24 17:38:45,457 INFO ==========================================
2021-10-24 17:38:46,279 INFO ----------------------------------------- load train (131688): C:/Users/user/Documents/python-code/11_c_paper/data/ATLAS/by_id/train/imgs/
2021-10-24 17:38:47,541 INFO Parameters:9506502
2021-10-24 17:38:49,052 INFO Parameters:9506502
2021-10-24 17:38:53,155 INFO predict 100 imgs : 4.1029980182647705
2021-10-24 17:38:53,156 INFO predict 100 imgs : 0:00:04.102998
2021-10-24 17:38:53,156 INFO predict FPS is      : 24.37242220318979/s
2021-10-24 17:38:53,156 INFO ------------------------------------------------
2021-10-24 17:39:00,812 INFO predict 1,000 imgs : 7.655702590942383
2021-10-24 17:39:00,812 INFO predict 1,000 imgs : 0:00:07.655703
2021-10-24 17:39:00,812 INFO predict FPS is      : 130.62158412254942/s
2021-10-24 17:39:00,812 INFO ------------------------------------------------
2021-10-24 17:39:58,037 INFO predict 10,000 imgs : 57.22495985031128
2021-10-24 17:39:58,037 INFO predict 10,000 imgs : 0:00:57.224960
2021-10-24 17:39:58,038 INFO predict FPS is      : 174.74892120777267/s
2021-10-24 17:39:58,038 INFO ------------------------------------------------
2021-10-24 17:42:51,516 INFO predict 30,000 imgs : 173.47771430015564
2021-10-24 17:42:51,516 INFO predict 30,000 imgs : 0:02:53.477714
2021-10-24 17:42:51,516 INFO predict FPS is      : 172.932875678159/s
2021-10-24 17:42:51,516 INFO ------------------------------------------------
2021-10-24 17:47:40,814 INFO predict 50,000 imgs : 289.2967038154602
2021-10-24 17:47:40,814 INFO predict 50,000 imgs : 0:04:49.296704
2021-10-24 17:47:40,814 INFO predict FPS is      : 172.83294050904416/s
2021-10-24 17:47:40,814 INFO ------------------------------------------------
2021-10-24 17:57:13,535 INFO predict 100,000 imgs : 572.7194509506226
2021-10-24 17:57:13,535 INFO predict 100,000 imgs : 0:09:32.719451
2021-10-24 17:57:13,535 INFO predict FPS is      : 174.60555920357868/s
2021-10-24 17:57:13,535 INFO ------------------------------------------------
