2021-09-29 15:34:46,932 INFO Let the games begin
2021-09-29 15:58:08,622 INFO in epoch[0]  Iter [500/2091]  Loss: 0.11621813 ;  val_loss:0.00000000
2021-09-29 15:59:25,505 INFO in epoch[0]  Iter [1000/2091]  Loss: 0.06622783 ;  val_loss:0.00000000
2021-09-29 16:00:41,585 INFO in epoch[0]  Iter [1500/2091]  Loss: 0.04795049 ;  val_loss:0.00000000
2021-09-29 16:01:57,836 INFO in epoch[0]  Iter [2000/2091]  Loss: 0.03821999 ;  val_loss:0.00000000
2021-09-29 16:03:08,489 INFO Iter 1 Val Loss: 0.01030557
2021-09-29 16:03:08,490 INFO ecpch[0] loss: 0.03693653 ;  val_loss:0.01030557 my_total_loss:0.04724210
2021-09-29 16:03:08,632 INFO score Overall Acc: 	: 0.9982120262682683
2021-09-29 16:03:08,633 INFO score Mean Acc : 	: 0.6787213872840998
2021-09-29 16:03:08,633 INFO score FreqW Acc : 	: 0.9966656550443383
2021-09-29 16:03:08,634 INFO score Mean IoU : 	: 0.6540849268064065
2021-09-29 16:03:08,634 INFO start_iter:0  class_iou: 0: 0.9982105891215765
2021-09-29 16:03:08,635 INFO start_iter:0  class_iou: 1: 0.30995926449123656
2021-09-29 16:04:38,656 INFO in epoch[1]  Iter [500/2091]  Loss: 0.00842013 ;  val_loss:0.01030557
2021-09-29 16:05:55,511 INFO in epoch[1]  Iter [1000/2091]  Loss: 0.00780953 ;  val_loss:0.01030557
2021-09-29 16:07:12,941 INFO in epoch[1]  Iter [1500/2091]  Loss: 0.00742841 ;  val_loss:0.01030557
2021-09-29 16:08:29,572 INFO in epoch[1]  Iter [2000/2091]  Loss: 0.00710520 ;  val_loss:0.01030557
2021-09-29 16:09:26,652 INFO Iter 2 Val Loss: 0.00847466
2021-09-29 16:09:26,653 INFO ecpch[1] loss: 0.00707410 ;  val_loss:0.00847466 my_total_loss:0.01554876
2021-09-29 16:09:26,781 INFO score Overall Acc: 	: 0.9983873533578572
2021-09-29 16:09:26,782 INFO score Mean Acc : 	: 0.6863013432693041
2021-09-29 16:09:26,782 INFO score FreqW Acc : 	: 0.9969117934584971
2021-09-29 16:09:26,783 INFO score Mean IoU : 	: 0.6700139166338711
2021-09-29 16:09:26,783 INFO start_iter:1  class_iou: 0: 0.9983860026829353
2021-09-29 16:09:26,784 INFO start_iter:1  class_iou: 1: 0.34164183058480696
2021-09-29 16:10:46,347 INFO in epoch[2]  Iter [500/2091]  Loss: 0.00578559 ;  val_loss:0.00847466
2021-09-29 16:11:54,102 INFO in epoch[2]  Iter [1000/2091]  Loss: 0.00550260 ;  val_loss:0.00847466
2021-09-29 16:13:01,621 INFO in epoch[2]  Iter [1500/2091]  Loss: 0.00539764 ;  val_loss:0.00847466
2021-09-29 16:14:08,027 INFO in epoch[2]  Iter [2000/2091]  Loss: 0.00535820 ;  val_loss:0.00847466
2021-09-29 16:15:03,349 INFO Iter 3 Val Loss: 0.00647061
2021-09-29 16:15:03,350 INFO ecpch[2] loss: 0.00533608 ;  val_loss:0.00647061 my_total_loss:0.01180670
2021-09-29 16:15:03,523 INFO score Overall Acc: 	: 0.9987214479999875
2021-09-29 16:15:03,523 INFO score Mean Acc : 	: 0.7857674208432566
2021-09-29 16:15:03,524 INFO score FreqW Acc : 	: 0.9976025505628038
2021-09-29 16:15:03,525 INFO score Mean IoU : 	: 0.7498575283742013
2021-09-29 16:15:03,525 INFO start_iter:2  class_iou: 0: 0.998719804674598
2021-09-29 16:15:03,525 INFO start_iter:2  class_iou: 1: 0.5009952520738046
2021-09-29 16:16:21,991 INFO in epoch[3]  Iter [500/2091]  Loss: 0.00460292 ;  val_loss:0.00647061
2021-09-29 16:17:28,031 INFO in epoch[3]  Iter [1000/2091]  Loss: 0.00449312 ;  val_loss:0.00647061
2021-09-29 16:18:34,986 INFO in epoch[3]  Iter [1500/2091]  Loss: 0.00445344 ;  val_loss:0.00647061
2021-09-29 16:19:41,783 INFO in epoch[3]  Iter [2000/2091]  Loss: 0.00432456 ;  val_loss:0.00647061
2021-09-29 16:20:38,227 INFO Iter 4 Val Loss: 0.00661909
2021-09-29 16:20:38,227 INFO ecpch[3] loss: 0.00432931 ;  val_loss:0.00661909 my_total_loss:0.01094840
2021-09-29 16:20:38,228 INFO score Overall Acc: 	: 0.9986985311094447
2021-09-29 16:20:38,228 INFO score Mean Acc : 	: 0.7550908053165736
2021-09-29 16:20:38,229 INFO score FreqW Acc : 	: 0.9975061463316801
2021-09-29 16:20:38,229 INFO score Mean IoU : 	: 0.7334323205631033
2021-09-29 16:20:38,230 INFO start_iter:3  class_iou: 0: 0.9986970383425499
2021-09-29 16:20:38,230 INFO start_iter:3  class_iou: 1: 0.4681676027836567
2021-09-29 16:21:56,920 INFO in epoch[4]  Iter [500/2091]  Loss: 0.00395648 ;  val_loss:0.00661909
2021-09-29 16:23:03,147 INFO in epoch[4]  Iter [1000/2091]  Loss: 0.00396360 ;  val_loss:0.00661909
2021-09-29 16:24:09,493 INFO in epoch[4]  Iter [1500/2091]  Loss: 0.00387072 ;  val_loss:0.00661909
2021-09-29 16:25:15,736 INFO in epoch[4]  Iter [2000/2091]  Loss: 0.00375518 ;  val_loss:0.00661909
2021-09-29 16:26:12,356 INFO Iter 5 Val Loss: 0.00678897
2021-09-29 16:26:12,357 INFO ecpch[4] loss: 0.00372692 ;  val_loss:0.00678897 my_total_loss:0.01051589
2021-09-29 16:26:12,357 INFO score Overall Acc: 	: 0.9987001493448799
2021-09-29 16:26:12,358 INFO score Mean Acc : 	: 0.7485729886546204
2021-09-29 16:26:12,358 INFO score FreqW Acc : 	: 0.9974940125810793
2021-09-29 16:26:12,359 INFO score Mean IoU : 	: 0.7303618737534244
2021-09-29 16:26:12,359 INFO start_iter:4  class_iou: 0: 0.9986986966464179
2021-09-29 16:26:12,360 INFO start_iter:4  class_iou: 1: 0.46202505086043094
2021-09-29 16:27:30,685 INFO in epoch[5]  Iter [500/2091]  Loss: 0.00322777 ;  val_loss:0.00678897
2021-09-29 16:28:37,156 INFO in epoch[5]  Iter [1000/2091]  Loss: 0.00327158 ;  val_loss:0.00678897
2021-09-29 16:29:45,021 INFO in epoch[5]  Iter [1500/2091]  Loss: 0.00324931 ;  val_loss:0.00678897
2021-09-29 16:30:51,899 INFO in epoch[5]  Iter [2000/2091]  Loss: 0.00323492 ;  val_loss:0.00678897
2021-09-29 16:31:48,447 INFO Iter 6 Val Loss: 0.00664163
2021-09-29 16:31:48,447 INFO ecpch[5] loss: 0.00323281 ;  val_loss:0.00664163 my_total_loss:0.00987444
2021-09-29 16:31:48,448 INFO score Overall Acc: 	: 0.9987302610967311
2021-09-29 16:31:48,448 INFO score Mean Acc : 	: 0.7775536974902353
2021-09-29 16:31:48,449 INFO score FreqW Acc : 	: 0.9975988807398524
2021-09-29 16:31:48,449 INFO score Mean IoU : 	: 0.7470728893351588
2021-09-29 16:31:48,450 INFO start_iter:5  class_iou: 0: 0.9987286761703943
2021-09-29 16:31:48,451 INFO start_iter:5  class_iou: 1: 0.49541710249992343
2021-09-29 16:33:06,316 INFO in epoch[6]  Iter [500/2091]  Loss: 0.00322071 ;  val_loss:0.00664163
2021-09-29 16:34:12,686 INFO in epoch[6]  Iter [1000/2091]  Loss: 0.00302092 ;  val_loss:0.00664163
2021-09-29 16:35:18,997 INFO in epoch[6]  Iter [1500/2091]  Loss: 0.00291266 ;  val_loss:0.00664163
2021-09-29 16:36:25,307 INFO in epoch[6]  Iter [2000/2091]  Loss: 0.00296661 ;  val_loss:0.00664163
2021-09-29 16:37:21,434 INFO Iter 7 Val Loss: 0.00679579
2021-09-29 16:37:21,435 INFO ecpch[6] loss: 0.00297225 ;  val_loss:0.00679579 my_total_loss:0.00976804
2021-09-29 16:37:21,436 INFO score Overall Acc: 	: 0.998764213622911
2021-09-29 16:37:21,436 INFO score Mean Acc : 	: 0.7851678154757546
2021-09-29 16:37:21,437 INFO score FreqW Acc : 	: 0.997663145122793
2021-09-29 16:37:21,438 INFO score Mean IoU : 	: 0.7538586364628772
2021-09-29 16:37:21,439 INFO start_iter:6  class_iou: 0: 0.9987626287264105
2021-09-29 16:37:21,439 INFO start_iter:6  class_iou: 1: 0.5089546441993438
2021-09-29 16:38:40,075 INFO in epoch[7]  Iter [500/2091]  Loss: 0.00264878 ;  val_loss:0.00679579
2021-09-29 16:39:46,394 INFO in epoch[7]  Iter [1000/2091]  Loss: 0.00263490 ;  val_loss:0.00679579
2021-09-29 16:40:53,850 INFO in epoch[7]  Iter [1500/2091]  Loss: 0.00259352 ;  val_loss:0.00679579
2021-09-29 16:42:01,170 INFO in epoch[7]  Iter [2000/2091]  Loss: 0.00255847 ;  val_loss:0.00679579
2021-09-29 16:42:57,577 INFO Iter 8 Val Loss: 0.00583473
2021-09-29 16:42:57,578 INFO ecpch[7] loss: 0.00258558 ;  val_loss:0.00583473 my_total_loss:0.00842031
2021-09-29 16:42:57,832 INFO score Overall Acc: 	: 0.998844291942586
2021-09-29 16:42:57,833 INFO score Mean Acc : 	: 0.8207079651828577
2021-09-29 16:42:57,833 INFO score FreqW Acc : 	: 0.9978460142454361
2021-09-29 16:42:57,834 INFO score Mean IoU : 	: 0.7768530809559695
2021-09-29 16:42:57,834 INFO start_iter:7  class_iou: 0: 0.9988426246362884
2021-09-29 16:42:57,835 INFO start_iter:7  class_iou: 1: 0.5548635372756505
2021-09-29 16:44:16,561 INFO in epoch[8]  Iter [500/2091]  Loss: 0.00241229 ;  val_loss:0.00583473
2021-09-29 16:45:23,257 INFO in epoch[8]  Iter [1000/2091]  Loss: 0.00256523 ;  val_loss:0.00583473
2021-09-29 16:46:29,874 INFO in epoch[8]  Iter [1500/2091]  Loss: 0.00249162 ;  val_loss:0.00583473
2021-09-29 16:47:36,770 INFO in epoch[8]  Iter [2000/2091]  Loss: 0.00245575 ;  val_loss:0.00583473
2021-09-29 16:48:32,277 INFO Iter 9 Val Loss: 0.00778389
2021-09-29 16:48:32,277 INFO ecpch[8] loss: 0.00243162 ;  val_loss:0.00778389 my_total_loss:0.01021551
2021-09-29 16:48:32,278 INFO score Overall Acc: 	: 0.9987769060233984
2021-09-29 16:48:32,278 INFO score Mean Acc : 	: 0.7609744920756278
2021-09-29 16:48:32,279 INFO score FreqW Acc : 	: 0.9976319000995153
2021-09-29 16:48:32,280 INFO score Mean IoU : 	: 0.7440512925317779
2021-09-29 16:48:32,280 INFO start_iter:8  class_iou: 0: 0.9987754709126581
2021-09-29 16:48:32,281 INFO start_iter:8  class_iou: 1: 0.48932711415089786
2021-09-29 16:49:50,307 INFO in epoch[9]  Iter [500/2091]  Loss: 0.00220766 ;  val_loss:0.00778389
2021-09-29 16:50:57,890 INFO in epoch[9]  Iter [1000/2091]  Loss: 0.00224452 ;  val_loss:0.00778389
2021-09-29 16:52:05,058 INFO in epoch[9]  Iter [1500/2091]  Loss: 0.00222437 ;  val_loss:0.00778389
2021-09-29 16:53:11,931 INFO in epoch[9]  Iter [2000/2091]  Loss: 0.00222821 ;  val_loss:0.00778389
2021-09-29 16:54:08,378 INFO Iter 10 Val Loss: 0.00763329
2021-09-29 16:54:08,379 INFO ecpch[9] loss: 0.00221679 ;  val_loss:0.00763329 my_total_loss:0.00985009
2021-09-29 16:54:08,379 INFO score Overall Acc: 	: 0.9987545893805859
2021-09-29 16:54:08,380 INFO score Mean Acc : 	: 0.7527586892189644
2021-09-29 16:54:08,380 INFO score FreqW Acc : 	: 0.9975815783296131
2021-09-29 16:54:08,382 INFO score Mean IoU : 	: 0.7377865738203288
2021-09-29 16:54:08,383 INFO start_iter:9  class_iou: 0: 0.9987531741681386
2021-09-29 16:54:08,383 INFO start_iter:9  class_iou: 1: 0.47681997347251887
2021-09-29 16:55:26,711 INFO in epoch[10]  Iter [500/2091]  Loss: 0.00207054 ;  val_loss:0.00763329
2021-09-29 16:56:32,956 INFO in epoch[10]  Iter [1000/2091]  Loss: 0.00202987 ;  val_loss:0.00763329
2021-09-29 16:57:39,362 INFO in epoch[10]  Iter [1500/2091]  Loss: 0.00201957 ;  val_loss:0.00763329
2021-09-29 16:58:45,576 INFO in epoch[10]  Iter [2000/2091]  Loss: 0.00207199 ;  val_loss:0.00763329
2021-09-29 16:59:42,072 INFO Iter 11 Val Loss: 0.00808529
2021-09-29 16:59:42,072 INFO ecpch[10] loss: 0.00206726 ;  val_loss:0.00808529 my_total_loss:0.01015255
2021-09-29 16:59:42,073 INFO score Overall Acc: 	: 0.9987951770776229
2021-09-29 16:59:42,073 INFO score Mean Acc : 	: 0.7750430443537351
2021-09-29 16:59:42,074 INFO score FreqW Acc : 	: 0.9976880197938673
2021-09-29 16:59:42,074 INFO score Mean IoU : 	: 0.7525123303068233
2021-09-29 16:59:42,075 INFO start_iter:10  class_iou: 0: 0.9987936870027238
2021-09-29 16:59:42,076 INFO start_iter:10  class_iou: 1: 0.506230973610923
2021-09-29 17:01:00,157 INFO in epoch[11]  Iter [500/2091]  Loss: 0.00191932 ;  val_loss:0.00808529
2021-09-29 17:02:06,655 INFO in epoch[11]  Iter [1000/2091]  Loss: 0.00187285 ;  val_loss:0.00808529
2021-09-29 17:03:13,184 INFO in epoch[11]  Iter [1500/2091]  Loss: 0.00184800 ;  val_loss:0.00808529
2021-09-29 17:04:19,888 INFO in epoch[11]  Iter [2000/2091]  Loss: 0.00186097 ;  val_loss:0.00808529
2021-09-29 17:05:16,482 INFO Iter 12 Val Loss: 0.00829216
2021-09-29 17:05:16,483 INFO ecpch[11] loss: 0.00185454 ;  val_loss:0.00829216 my_total_loss:0.01014670
2021-09-29 17:05:16,483 INFO score Overall Acc: 	: 0.9987916810401664
2021-09-29 17:05:16,484 INFO score Mean Acc : 	: 0.787368727464782
2021-09-29 17:05:16,484 INFO score FreqW Acc : 	: 0.9977074720122467
2021-09-29 17:05:16,485 INFO score Mean IoU : 	: 0.757636291851829
2021-09-29 17:05:16,486 INFO start_iter:11  class_iou: 0: 0.9987901194486635
2021-09-29 17:05:16,487 INFO start_iter:11  class_iou: 1: 0.5164824642549946
2021-09-29 17:28:47,627 INFO ============================
2021-09-29 17:28:47,628 INFO ----------- in test dataset score in epoch:11 +1 -----------------
2021-09-29 17:28:47,628 INFO {'dice': 0.5096011784480451, 'iou': 0.38280602074287307, 'precision': 0.6686586815664455, 'recall': 0.48296614191778997, 'f1_scores': 0.5096011784480451, 'metrics': 2370816.0}
2021-09-29 17:28:47,628 INFO ============================


2021-09-29 17:30:05,275 INFO in epoch[12]  Iter [500/2091]  Loss: 0.00172403 ;  val_loss:0.00829216
2021-09-29 17:31:12,017 INFO in epoch[12]  Iter [1000/2091]  Loss: 0.00179960 ;  val_loss:0.00829216
2021-09-29 17:32:18,492 INFO in epoch[12]  Iter [1500/2091]  Loss: 0.00186708 ;  val_loss:0.00829216
2021-09-29 17:33:24,612 INFO in epoch[12]  Iter [2000/2091]  Loss: 0.00181861 ;  val_loss:0.00829216
2021-09-29 17:34:21,139 INFO Iter 13 Val Loss: 0.00752336
2021-09-29 17:34:21,140 INFO ecpch[12] loss: 0.00181921 ;  val_loss:0.00752336 my_total_loss:0.00934257
2021-09-29 17:34:21,140 INFO score Overall Acc: 	: 0.9988511542342059
2021-09-29 17:34:21,140 INFO score Mean Acc : 	: 0.7931537075699997
2021-09-29 17:34:21,141 INFO score FreqW Acc : 	: 0.9978062257334636
2021-09-29 17:34:21,142 INFO score Mean IoU : 	: 0.766434859466749
2021-09-29 17:34:21,143 INFO start_iter:12  class_iou: 0: 0.998849639675868
2021-09-29 17:34:21,144 INFO start_iter:12  class_iou: 1: 0.5340200792576301
2021-09-29 17:56:46,160 INFO ============================
2021-09-29 17:56:46,161 INFO ----------- in test dataset score in epoch:12 +1 -----------------
2021-09-29 17:56:46,161 INFO {'dice': 0.5215220080345333, 'iou': 0.39436983084809907, 'precision': 0.6835051047269836, 'recall': 0.47020505567452286, 'f1_scores': 0.5215220080345333, 'metrics': 2370816.0}
2021-09-29 17:56:46,161 INFO ============================


2021-09-29 17:58:05,445 INFO in epoch[13]  Iter [500/2091]  Loss: 0.00162445 ;  val_loss:0.00752336
2021-09-29 17:59:12,135 INFO in epoch[13]  Iter [1000/2091]  Loss: 0.00168770 ;  val_loss:0.00752336
2021-09-29 18:00:18,455 INFO in epoch[13]  Iter [1500/2091]  Loss: 0.00169753 ;  val_loss:0.00752336
2021-09-29 18:01:24,650 INFO in epoch[13]  Iter [2000/2091]  Loss: 0.00166442 ;  val_loss:0.00752336
2021-09-29 18:02:20,744 INFO Iter 14 Val Loss: 0.00833563
2021-09-29 18:02:20,745 INFO ecpch[13] loss: 0.00166063 ;  val_loss:0.00833563 my_total_loss:0.00999626
2021-09-29 18:02:20,746 INFO score Overall Acc: 	: 0.9988154901908489
2021-09-29 18:02:20,746 INFO score Mean Acc : 	: 0.7806934771075127
2021-09-29 18:02:20,747 INFO score FreqW Acc : 	: 0.9977292268543327
2021-09-29 18:02:20,748 INFO score Mean IoU : 	: 0.7571877683670345
2021-09-29 18:02:20,749 INFO start_iter:13  class_iou: 0: 0.998813995101855
2021-09-29 18:02:20,751 INFO start_iter:13  class_iou: 1: 0.515561541632214
2021-09-29 18:25:33,631 INFO ============================
2021-09-29 18:25:33,632 INFO ----------- in test dataset score in epoch:13 +1 -----------------
2021-09-29 18:25:33,632 INFO {'dice': 0.5185159198054985, 'iou': 0.39203252335566197, 'precision': 0.7057155587304209, 'recall': 0.47366437375295106, 'f1_scores': 0.5185159198054985, 'metrics': 2370816.0}
2021-09-29 18:25:33,632 INFO ============================


2021-09-29 18:26:58,471 INFO in epoch[14]  Iter [500/2091]  Loss: 0.00145161 ;  val_loss:0.00833563
2021-09-29 18:28:11,692 INFO in epoch[14]  Iter [1000/2091]  Loss: 0.00140676 ;  val_loss:0.00833563
2021-09-29 18:29:25,452 INFO in epoch[14]  Iter [1500/2091]  Loss: 0.00140782 ;  val_loss:0.00833563
2021-09-29 18:30:40,243 INFO in epoch[14]  Iter [2000/2091]  Loss: 0.00141647 ;  val_loss:0.00833563
2021-09-29 18:31:47,026 INFO Iter 15 Val Loss: 0.01027738
2021-09-29 18:31:47,027 INFO ecpch[14] loss: 0.00141221 ;  val_loss:0.01027738 my_total_loss:0.01168959
2021-09-29 18:31:47,028 INFO score Overall Acc: 	: 0.9987947877277438
2021-09-29 18:31:47,028 INFO score Mean Acc : 	: 0.7636361522997213
2021-09-29 18:31:47,028 INFO score FreqW Acc : 	: 0.9976636963801155
2021-09-29 18:31:47,030 INFO score Mean IoU : 	: 0.7471671153168672
2021-09-29 18:31:47,031 INFO start_iter:14  class_iou: 0: 0.9987933591790323
2021-09-29 18:31:47,032 INFO start_iter:14  class_iou: 1: 0.4955408714547021
2021-09-29 18:56:59,377 INFO ============================
2021-09-29 18:56:59,378 INFO ----------- in test dataset score in epoch:14 +1 -----------------
2021-09-29 18:56:59,378 INFO {'dice': 0.5078183947791499, 'iou': 0.38399377581858996, 'precision': 0.734658281528757, 'recall': 0.44178720683630335, 'f1_scores': 0.5078183947791499, 'metrics': 2370816.0}
2021-09-29 18:56:59,378 INFO ============================


2021-09-29 18:58:20,995 INFO in epoch[15]  Iter [500/2091]  Loss: 0.00133406 ;  val_loss:0.01027738
2021-09-29 18:59:32,688 INFO in epoch[15]  Iter [1000/2091]  Loss: 0.00135171 ;  val_loss:0.01027738
2021-09-29 19:00:45,997 INFO in epoch[15]  Iter [1500/2091]  Loss: 0.00133633 ;  val_loss:0.01027738
2021-09-29 19:01:59,329 INFO in epoch[15]  Iter [2000/2091]  Loss: 0.00134135 ;  val_loss:0.01027738
2021-09-29 19:03:03,587 INFO Iter 16 Val Loss: 0.00943269
2021-09-29 19:03:03,587 INFO ecpch[15] loss: 0.00133997 ;  val_loss:0.00943269 my_total_loss:0.01077266
2021-09-29 19:03:03,588 INFO score Overall Acc: 	: 0.9988230865692201
2021-09-29 19:03:03,588 INFO score Mean Acc : 	: 0.7727567625693337
2021-09-29 19:03:03,589 INFO score FreqW Acc : 	: 0.9977243415396615
2021-09-29 19:03:03,590 INFO score Mean IoU : 	: 0.7544036618439662
2021-09-29 19:03:03,591 INFO start_iter:15  class_iou: 0: 0.9988216432229527
2021-09-29 19:03:03,592 INFO start_iter:15  class_iou: 1: 0.5099856804649796
2021-09-29 19:29:08,413 INFO ============================
2021-09-29 19:29:08,413 INFO ----------- in test dataset score in epoch:15 +1 -----------------
2021-09-29 19:29:08,413 INFO {'dice': 0.503169933081463, 'iou': 0.3809126210499506, 'precision': 0.7133535627940254, 'recall': 0.44591921904658716, 'f1_scores': 0.503169933081463, 'metrics': 2370816.0}
2021-09-29 19:29:08,413 INFO ============================


2021-09-29 19:30:26,426 INFO in epoch[16]  Iter [500/2091]  Loss: 0.00127625 ;  val_loss:0.00943269
2021-09-29 19:31:33,575 INFO in epoch[16]  Iter [1000/2091]  Loss: 0.00127005 ;  val_loss:0.00943269
2021-09-29 19:32:41,416 INFO in epoch[16]  Iter [1500/2091]  Loss: 0.00128269 ;  val_loss:0.00943269
2021-09-29 19:33:50,689 INFO in epoch[16]  Iter [2000/2091]  Loss: 0.00128640 ;  val_loss:0.00943269
2021-09-29 19:34:52,690 INFO Iter 17 Val Loss: 0.01104296
2021-09-29 19:34:52,691 INFO ecpch[16] loss: 0.00128248 ;  val_loss:0.01104296 my_total_loss:0.01232544
2021-09-29 19:34:52,691 INFO score Overall Acc: 	: 0.9988035014591535
2021-09-29 19:34:52,692 INFO score Mean Acc : 	: 0.7696602444135471
2021-09-29 19:34:52,692 INFO score FreqW Acc : 	: 0.9976891345980152
2021-09-29 19:34:52,694 INFO score Mean IoU : 	: 0.7509060308302746
2021-09-29 19:34:52,694 INFO start_iter:16  class_iou: 0: 0.9988020507525764
2021-09-29 19:34:52,694 INFO start_iter:16  class_iou: 1: 0.5030100109079729
2021-09-29 20:02:47,560 INFO ============================
2021-09-29 20:02:47,561 INFO ----------- in test dataset score in epoch:16 +1 -----------------
2021-09-29 20:02:47,561 INFO {'dice': 0.49196456351256945, 'iou': 0.37110395903087706, 'precision': 0.7160154198574268, 'recall': 0.4260893864537033, 'f1_scores': 0.49196456351256945, 'metrics': 2370816.0}
2021-09-29 20:02:47,561 INFO ============================


2021-09-29 20:04:05,824 INFO in epoch[17]  Iter [500/2091]  Loss: 0.00128892 ;  val_loss:0.01104296
2021-09-29 20:05:12,275 INFO in epoch[17]  Iter [1000/2091]  Loss: 0.00125798 ;  val_loss:0.01104296
2021-09-29 20:06:18,743 INFO in epoch[17]  Iter [1500/2091]  Loss: 0.00123417 ;  val_loss:0.01104296
2021-09-29 20:07:26,021 INFO in epoch[17]  Iter [2000/2091]  Loss: 0.00123002 ;  val_loss:0.01104296
2021-09-29 20:08:22,453 INFO Iter 18 Val Loss: 0.00989453
2021-09-29 20:08:22,454 INFO ecpch[17] loss: 0.00123099 ;  val_loss:0.00989453 my_total_loss:0.01112552
2021-09-29 20:08:22,454 INFO score Overall Acc: 	: 0.9988322545421557
2021-09-29 20:08:22,455 INFO score Mean Acc : 	: 0.7792047210001805
2021-09-29 20:08:22,456 INFO score FreqW Acc : 	: 0.9977509691897066
2021-09-29 20:08:22,456 INFO score Mean IoU : 	: 0.7583069107147378
2021-09-29 20:08:22,457 INFO start_iter:17  class_iou: 0: 0.998830788499546
2021-09-29 20:08:22,457 INFO start_iter:17  class_iou: 1: 0.5177830329299297
2021-09-29 20:35:29,918 INFO ============================
2021-09-29 20:35:29,918 INFO ----------- in test dataset score in epoch:17 +1 -----------------
2021-09-29 20:35:29,919 INFO {'dice': 0.5017173134555667, 'iou': 0.3772098730876492, 'precision': 0.6989627323139571, 'recall': 0.43728281508550404, 'f1_scores': 0.5017173134555667, 'metrics': 2370816.0}
2021-09-29 20:35:29,919 INFO ============================


2021-09-29 20:36:47,724 INFO in epoch[18]  Iter [500/2091]  Loss: 0.00118432 ;  val_loss:0.00989453
2021-09-29 20:37:54,461 INFO in epoch[18]  Iter [1000/2091]  Loss: 0.00117054 ;  val_loss:0.00989453
2021-09-29 20:39:00,952 INFO in epoch[18]  Iter [1500/2091]  Loss: 0.00118125 ;  val_loss:0.00989453
2021-09-29 20:40:07,674 INFO in epoch[18]  Iter [2000/2091]  Loss: 0.00118732 ;  val_loss:0.00989453
2021-09-29 20:41:03,947 INFO Iter 19 Val Loss: 0.01009051
2021-09-29 20:41:03,948 INFO ecpch[18] loss: 0.00118628 ;  val_loss:0.01009051 my_total_loss:0.01127680
2021-09-29 20:41:03,949 INFO score Overall Acc: 	: 0.9988349130717993
2021-09-29 20:41:03,950 INFO score Mean Acc : 	: 0.7760995197899212
2021-09-29 20:41:03,951 INFO score FreqW Acc : 	: 0.9977486348817538
2021-09-29 20:41:03,951 INFO score Mean IoU : 	: 0.7571930814436738
2021-09-29 20:41:03,952 INFO start_iter:18  class_iou: 0: 0.9988334666931837
2021-09-29 20:41:03,953 INFO start_iter:18  class_iou: 1: 0.5155526961941638
2021-09-29 21:08:04,945 INFO ============================
2021-09-29 21:08:04,946 INFO ----------- in test dataset score in epoch:18 +1 -----------------
2021-09-29 21:08:04,946 INFO {'dice': 0.4966255819734753, 'iou': 0.3734900797405485, 'precision': 0.7288536220961467, 'recall': 0.42153274865671614, 'f1_scores': 0.4966255819734753, 'metrics': 2370816.0}
2021-09-29 21:08:04,946 INFO ============================


2021-09-29 21:09:36,048 INFO in epoch[19]  Iter [500/2091]  Loss: 0.00114617 ;  val_loss:0.01009051
2021-09-29 21:10:54,730 INFO in epoch[19]  Iter [1000/2091]  Loss: 0.00115825 ;  val_loss:0.01009051
2021-09-29 21:12:13,923 INFO in epoch[19]  Iter [1500/2091]  Loss: 0.00114540 ;  val_loss:0.01009051
2021-09-29 21:13:26,847 INFO in epoch[19]  Iter [2000/2091]  Loss: 0.00114934 ;  val_loss:0.01009051
2021-09-29 21:14:22,758 INFO Iter 20 Val Loss: 0.01069887
2021-09-29 21:14:22,759 INFO ecpch[19] loss: 0.00115247 ;  val_loss:0.01069887 my_total_loss:0.01185134
2021-09-29 21:14:22,760 INFO score Overall Acc: 	: 0.9988003542142971
2021-09-29 21:14:22,761 INFO score Mean Acc : 	: 0.770702440862661
2021-09-29 21:14:22,762 INFO score FreqW Acc : 	: 0.997686682959208
2021-09-29 21:14:22,762 INFO score Mean IoU : 	: 0.7510599245913541
2021-09-29 21:14:22,763 INFO start_iter:19  class_iou: 0: 0.9987988940439384
2021-09-29 21:14:22,764 INFO start_iter:19  class_iou: 1: 0.5033209551387698
2021-09-29 21:40:28,794 INFO ============================
2021-09-29 21:40:28,794 INFO ----------- in test dataset score in epoch:19 +1 -----------------
2021-09-29 21:40:28,794 INFO {'dice': 0.5075911315208734, 'iou': 0.3835141128082051, 'precision': 0.6978397428884134, 'recall': 0.4512809790249416, 'f1_scores': 0.5075911315208734, 'metrics': 2370816.0}
2021-09-29 21:40:28,794 INFO ============================


2021-09-29 21:41:58,278 INFO in epoch[20]  Iter [500/2091]  Loss: 0.00103268 ;  val_loss:0.01069887
2021-09-29 21:43:14,501 INFO in epoch[20]  Iter [1000/2091]  Loss: 0.00105037 ;  val_loss:0.01069887
2021-09-29 21:44:32,275 INFO in epoch[20]  Iter [1500/2091]  Loss: 0.00103928 ;  val_loss:0.01069887
2021-09-29 21:45:49,573 INFO in epoch[20]  Iter [2000/2091]  Loss: 0.00104479 ;  val_loss:0.01069887
2021-09-29 21:46:58,525 INFO Iter 21 Val Loss: 0.01159958
2021-09-29 21:46:58,526 INFO ecpch[20] loss: 0.00104681 ;  val_loss:0.01159958 my_total_loss:0.01264639
2021-09-29 21:46:58,526 INFO score Overall Acc: 	: 0.9988118582865075
2021-09-29 21:46:58,527 INFO score Mean Acc : 	: 0.7702854685131637
2021-09-29 21:46:58,528 INFO score FreqW Acc : 	: 0.997702705795631
2021-09-29 21:46:58,528 INFO score Mean IoU : 	: 0.7520743514955119
2021-09-29 21:46:58,528 INFO start_iter:20  class_iou: 0: 0.9988104143840446
2021-09-29 21:46:58,529 INFO start_iter:20  class_iou: 1: 0.5053382886069794
2021-09-29 22:13:07,098 INFO ============================
2021-09-29 22:13:07,098 INFO ----------- in test dataset score in epoch:20 +1 -----------------
2021-09-29 22:13:07,098 INFO {'dice': 0.49908576313912134, 'iou': 0.377340876997334, 'precision': 0.7014561672638808, 'recall': 0.43522329677313554, 'f1_scores': 0.49908576313912134, 'metrics': 2370816.0}
2021-09-29 22:13:07,098 INFO ============================


2021-09-29 22:14:35,742 INFO in epoch[21]  Iter [500/2091]  Loss: 0.00099094 ;  val_loss:0.01159958
2021-09-29 22:15:51,082 INFO in epoch[21]  Iter [1000/2091]  Loss: 0.00100604 ;  val_loss:0.01159958
2021-09-29 22:17:06,717 INFO in epoch[21]  Iter [1500/2091]  Loss: 0.00101065 ;  val_loss:0.01159958
2021-09-29 22:18:23,557 INFO in epoch[21]  Iter [2000/2091]  Loss: 0.00101301 ;  val_loss:0.01159958
2021-09-29 22:19:32,030 INFO Iter 22 Val Loss: 0.01231659
2021-09-29 22:19:32,031 INFO ecpch[21] loss: 0.00100991 ;  val_loss:0.01231659 my_total_loss:0.01332650
2021-09-29 22:19:32,032 INFO score Overall Acc: 	: 0.9988187773583181
2021-09-29 22:19:32,033 INFO score Mean Acc : 	: 0.7705386122488906
2021-09-29 22:19:32,033 INFO score FreqW Acc : 	: 0.9977134125386273
2021-09-29 22:19:32,034 INFO score Mean IoU : 	: 0.7529233841644186
2021-09-29 22:19:32,034 INFO start_iter:21  class_iou: 0: 0.9988173405340769
2021-09-29 22:19:32,035 INFO start_iter:21  class_iou: 1: 0.5070294277947603
2021-09-29 22:46:03,075 INFO ============================
2021-09-29 22:46:03,075 INFO ----------- in test dataset score in epoch:21 +1 -----------------
2021-09-29 22:46:03,075 INFO {'dice': 0.49271465305980217, 'iou': 0.37211570017337353, 'precision': 0.6957678274338195, 'recall': 0.42506176427996584, 'f1_scores': 0.49271465305980217, 'metrics': 2370816.0}
2021-09-29 22:46:03,075 INFO ============================


2021-09-29 22:47:30,725 INFO in epoch[22]  Iter [500/2091]  Loss: 0.00098987 ;  val_loss:0.01231659
2021-09-29 22:48:45,679 INFO in epoch[22]  Iter [1000/2091]  Loss: 0.00099969 ;  val_loss:0.01231659
2021-09-29 22:50:00,423 INFO in epoch[22]  Iter [1500/2091]  Loss: 0.00099519 ;  val_loss:0.01231659
2021-09-29 22:51:15,897 INFO in epoch[22]  Iter [2000/2091]  Loss: 0.00098922 ;  val_loss:0.01231659
2021-09-29 22:52:23,791 INFO Iter 23 Val Loss: 0.01277106
2021-09-29 22:52:23,791 INFO ecpch[22] loss: 0.00098657 ;  val_loss:0.01277106 my_total_loss:0.01375763
2021-09-29 23:19:15,252 INFO ============================
2021-09-29 23:19:15,252 INFO =============  in best model ===============
2021-09-29 23:19:15,252 INFO {'dice': 0.5170928878015872, 'iou': 0.38661868908026464, 'precision': 0.6222257856889404, 'recall': 0.49785312272127674, 'f1_scores': 0.5170928878015872, 'metrics': 2370816.0}
2021-09-29 23:19:15,253 INFO ============================


