2021-10-24 16:37:00,341 INFO Let the games begin
2021-10-24 16:37:00,341 INFO Let the games begin
2021-10-24 16:37:00,341 INFO ========================================
2021-10-24 16:37:00,341 INFO # parameters: 
2021-10-24 16:37:00,342 INFO IMG_H=224
2021-10-24 16:37:00,342 INFO IMG_W=224
2021-10-24 16:37:00,342 INFO img_depth=1
2021-10-24 16:37:00,342 INFO img_depth_out_num=2
2021-10-24 16:37:00,342 INFO batch_size=16
2021-10-24 16:37:00,342 INFO n_classes=2
2021-10-24 16:37:00,342 INFO learning_rate=0.001
2021-10-24 16:37:00,342 INFO patience_scheduler=5
2021-10-24 16:37:00,343 INFO patience_early_stop=10
2021-10-24 16:37:00,344 INFO ReduceLR_factor=0.2
2021-10-24 16:37:00,344 INFO ========================================
2021-10-24 16:37:00,396 INFO ==========================================
2021-10-24 16:37:00,397 INFO Device:cuda
2021-10-24 16:37:00,398 INFO Current cuda device:0
2021-10-24 16:37:00,398 INFO torch.cuda.device_count()=1
2021-10-24 16:37:00,398 INFO ==========================================
2021-10-24 16:37:00,493 INFO ----------------------------------------- load train (133812): C:/Users/user/Documents/python-code/11_c_paper/data/ATLAS/by_id/train/imgs/
2021-10-24 16:37:01,788 INFO Parameters:10399722
2021-10-24 16:37:03,406 INFO Parameters:10399722
2021-10-24 16:37:07,729 INFO predict 100 imgs : 4.322288990020752
2021-10-24 16:37:07,729 INFO predict 100 imgs : 0:00:04.322289
2021-10-24 16:37:07,729 INFO predict FPS is      : 23.13588939353171/s
2021-10-24 16:37:07,729 INFO ------------------------------------------------
2021-10-24 16:37:14,566 INFO predict 1,000 imgs : 6.837024450302124
2021-10-24 16:37:14,566 INFO predict 1,000 imgs : 0:00:06.837025
2021-10-24 16:37:14,566 INFO predict FPS is      : 146.26245777954043/s
2021-10-24 16:37:14,566 INFO ------------------------------------------------
2021-10-24 16:37:50,538 INFO predict 10,000 imgs : 35.972212076187134
2021-10-24 16:37:50,538 INFO predict 10,000 imgs : 0:00:35.972212
2021-10-24 16:37:50,539 INFO predict FPS is      : 277.9923564005616/s
2021-10-24 16:37:50,539 INFO ------------------------------------------------
2021-10-24 16:39:32,014 INFO predict 30,000 imgs : 101.473886013031
2021-10-24 16:39:32,014 INFO predict 30,000 imgs : 0:01:41.473886
2021-10-24 16:39:32,014 INFO predict FPS is      : 295.64256557738884/s
2021-10-24 16:39:32,014 INFO ------------------------------------------------
2021-10-24 16:42:21,570 INFO predict 50,000 imgs : 169.5538957118988
2021-10-24 16:42:21,570 INFO predict 50,000 imgs : 0:02:49.553896
2021-10-24 16:42:21,570 INFO predict FPS is      : 294.8914844455039/s
2021-10-24 16:42:21,570 INFO ------------------------------------------------
2021-10-24 16:47:54,968 INFO predict 100,000 imgs : 333.3959140777588
2021-10-24 16:47:54,968 INFO predict 100,000 imgs : 0:05:33.395914
2021-10-24 16:47:54,968 INFO predict FPS is      : 299.9436879021761/s
2021-10-24 16:47:54,968 INFO ------------------------------------------------
