2021-08-19 18:21:58,557 INFO Let the games begin
2021-08-19 18:25:52,268 INFO in epoch[0]  Iter [500/1046]  Loss: 0.28858035 ;  val_loss:0.00000000
2021-08-19 18:29:25,753 INFO in epoch[0]  Iter [1000/1046]  Loss: 0.27565542 ;  val_loss:0.00000000
2021-08-19 18:31:43,599 INFO Iter 1 Val Loss: 0.27293302
2021-08-19 18:31:43,599 INFO ecpch[0] loss: 0.27502724 ;  val_loss:0.27293302 my_total_loss:0.54796025
2021-08-19 18:31:44,129 INFO score Overall Acc: 	: 0.9976779173207745
2021-08-19 18:31:44,130 INFO score Mean Acc : 	: 0.7143197041817697
2021-08-19 18:31:44,130 INFO score FreqW Acc : 	: 0.9960949292635922
2021-08-19 18:31:44,131 INFO score Mean IoU : 	: 0.6455730582062345
2021-08-19 18:31:44,131 INFO class_iou: 0: 0.9976756754608437
2021-08-19 18:31:44,132 INFO class_iou: 1: 0.2934704409516253
2021-08-19 18:35:25,665 INFO in epoch[1]  Iter [500/1046]  Loss: 0.25329563 ;  val_loss:0.27293302
2021-08-19 18:38:58,910 INFO in epoch[1]  Iter [1000/1046]  Loss: 0.25059585 ;  val_loss:0.27293302
2021-08-19 18:40:58,061 INFO Iter 2 Val Loss: 0.26294227
2021-08-19 18:40:58,061 INFO ecpch[1] loss: 0.25042518 ;  val_loss:0.26294227 my_total_loss:0.51336746
2021-08-19 18:40:58,597 INFO score Overall Acc: 	: 0.9979778100094586
2021-08-19 18:40:58,597 INFO score Mean Acc : 	: 0.7907975106151177
2021-08-19 18:40:58,598 INFO score FreqW Acc : 	: 0.9966166285654416
2021-08-19 18:40:58,598 INFO score Mean IoU : 	: 0.6953693181908162
2021-08-19 18:40:58,598 INFO class_iou: 0: 0.9979751615975474
2021-08-19 18:40:58,599 INFO class_iou: 1: 0.39276347478408496
2021-08-19 18:44:40,234 INFO in epoch[2]  Iter [500/1046]  Loss: 0.24305955 ;  val_loss:0.26294227
2021-08-19 18:48:13,585 INFO in epoch[2]  Iter [1000/1046]  Loss: 0.24156282 ;  val_loss:0.26294227
2021-08-19 18:50:14,349 INFO Iter 3 Val Loss: 0.26207823
2021-08-19 18:50:14,349 INFO ecpch[2] loss: 0.24157772 ;  val_loss:0.26207823 my_total_loss:0.50365595
2021-08-19 18:50:14,912 INFO score Overall Acc: 	: 0.9976335071001844
2021-08-19 18:50:14,912 INFO score Mean Acc : 	: 0.7956261617422984
2021-08-19 18:50:14,912 INFO score FreqW Acc : 	: 0.9961987834428382
2021-08-19 18:50:14,913 INFO score Mean IoU : 	: 0.6787557173691714
2021-08-19 18:50:14,913 INFO class_iou: 0: 0.997630354368858
2021-08-19 18:50:14,914 INFO class_iou: 1: 0.35988108036948463
2021-08-19 18:53:56,184 INFO in epoch[3]  Iter [500/1046]  Loss: 0.23665121 ;  val_loss:0.26207823
2021-08-19 18:57:29,547 INFO in epoch[3]  Iter [1000/1046]  Loss: 0.23657763 ;  val_loss:0.26207823
2021-08-19 18:59:29,976 INFO Iter 4 Val Loss: 0.26056209
2021-08-19 18:59:29,976 INFO ecpch[3] loss: 0.23644767 ;  val_loss:0.26056209 my_total_loss:0.49700976
2021-08-19 18:59:30,510 INFO score Overall Acc: 	: 0.998475084836094
2021-08-19 18:59:30,510 INFO score Mean Acc : 	: 0.7742936001210632
2021-08-19 18:59:30,511 INFO score FreqW Acc : 	: 0.9972352815433624
2021-08-19 18:59:30,511 INFO score Mean IoU : 	: 0.7227329461591431
2021-08-19 18:59:30,512 INFO class_iou: 0: 0.9984732029360741
2021-08-19 18:59:30,512 INFO class_iou: 1: 0.446992689382212
2021-08-19 19:03:11,913 INFO in epoch[4]  Iter [500/1046]  Loss: 0.23264120 ;  val_loss:0.26056209
2021-08-19 19:06:44,665 INFO in epoch[4]  Iter [1000/1046]  Loss: 0.23132085 ;  val_loss:0.26056209
2021-08-19 19:08:44,683 INFO Iter 5 Val Loss: 0.26423818
2021-08-19 19:08:44,683 INFO ecpch[4] loss: 0.23182621 ;  val_loss:0.26423818 my_total_loss:0.49606438
2021-08-19 19:08:44,684 INFO score Overall Acc: 	: 0.9983027204557419
2021-08-19 19:08:44,684 INFO score Mean Acc : 	: 0.7740328110923577
2021-08-19 19:08:44,684 INFO score FreqW Acc : 	: 0.997003715954727
2021-08-19 19:08:44,685 INFO score Mean IoU : 	: 0.7094207069793058
2021-08-19 19:08:44,686 INFO class_iou: 0: 0.9983006271758749
2021-08-19 19:08:44,686 INFO class_iou: 1: 0.4205407867827368
2021-08-19 19:12:25,827 INFO in epoch[5]  Iter [500/1046]  Loss: 0.23094124 ;  val_loss:0.26423818
2021-08-19 19:15:59,184 INFO in epoch[5]  Iter [1000/1046]  Loss: 0.22929609 ;  val_loss:0.26423818
2021-08-19 19:17:59,845 INFO Iter 6 Val Loss: 0.26015434
2021-08-19 19:17:59,845 INFO ecpch[5] loss: 0.22913404 ;  val_loss:0.26015434 my_total_loss:0.48928838
2021-08-19 19:18:00,371 INFO score Overall Acc: 	: 0.9986114708541766
2021-08-19 19:18:00,372 INFO score Mean Acc : 	: 0.7677558871351777
2021-08-19 19:18:00,372 INFO score FreqW Acc : 	: 0.9974101399479008
2021-08-19 19:18:00,372 INFO score Mean IoU : 	: 0.7313923497961026
2021-08-19 19:18:00,373 INFO class_iou: 0: 0.9986097986422791
2021-08-19 19:18:00,373 INFO class_iou: 1: 0.46417490094992603
2021-08-19 19:21:42,067 INFO in epoch[6]  Iter [500/1046]  Loss: 0.22469518 ;  val_loss:0.26015434
2021-08-19 19:25:14,996 INFO in epoch[6]  Iter [1000/1046]  Loss: 0.22437172 ;  val_loss:0.26015434
2021-08-19 19:27:14,701 INFO Iter 7 Val Loss: 0.26176131
2021-08-19 19:27:14,701 INFO ecpch[6] loss: 0.22460003 ;  val_loss:0.26176131 my_total_loss:0.48636134
2021-08-19 19:27:14,702 INFO score Overall Acc: 	: 0.9985062186313781
2021-08-19 19:27:14,702 INFO score Mean Acc : 	: 0.7662379837270672
2021-08-19 19:27:14,703 INFO score FreqW Acc : 	: 0.9972612919609622
2021-08-19 19:27:14,703 INFO score Mean IoU : 	: 0.7216022966723961
2021-08-19 19:27:14,703 INFO class_iou: 0: 0.9985044295353057
2021-08-19 19:27:14,704 INFO class_iou: 1: 0.44470016380948646
2021-08-19 19:30:55,575 INFO in epoch[7]  Iter [500/1046]  Loss: 0.22069392 ;  val_loss:0.26176131
2021-08-19 19:34:28,434 INFO in epoch[7]  Iter [1000/1046]  Loss: 0.22159747 ;  val_loss:0.26176131
2021-08-19 19:36:29,718 INFO Iter 8 Val Loss: 0.26810643
2021-08-19 19:36:29,719 INFO ecpch[7] loss: 0.22191959 ;  val_loss:0.26810643 my_total_loss:0.49002602
2021-08-19 19:36:29,719 INFO score Overall Acc: 	: 0.9984471895395445
2021-08-19 19:36:29,720 INFO score Mean Acc : 	: 0.7328157594314664
2021-08-19 19:36:29,720 INFO score FreqW Acc : 	: 0.9971078176680008
2021-08-19 19:36:29,720 INFO score Mean IoU : 	: 0.7004699375923945
2021-08-19 19:36:29,721 INFO class_iou: 0: 0.9984455635823307
2021-08-19 19:36:29,721 INFO class_iou: 1: 0.40249431160245824
2021-08-19 19:40:10,849 INFO in epoch[8]  Iter [500/1046]  Loss: 0.22078953 ;  val_loss:0.26810643
2021-08-19 19:43:44,094 INFO in epoch[8]  Iter [1000/1046]  Loss: 0.21980169 ;  val_loss:0.26810643
2021-08-19 19:45:44,545 INFO Iter 9 Val Loss: 0.26764721
2021-08-19 19:45:44,546 INFO ecpch[8] loss: 0.22040364 ;  val_loss:0.26764721 my_total_loss:0.48805085
2021-08-19 19:45:44,546 INFO score Overall Acc: 	: 0.9981421602714651
2021-08-19 19:45:44,547 INFO score Mean Acc : 	: 0.7516459708899563
2021-08-19 19:45:44,547 INFO score FreqW Acc : 	: 0.9967491270215393
2021-08-19 19:45:44,548 INFO score Mean IoU : 	: 0.6883182180179528
2021-08-19 19:45:44,548 INFO class_iou: 0: 0.9981400558815602
2021-08-19 19:45:44,548 INFO class_iou: 1: 0.37849638015434545
2021-08-19 19:49:25,666 INFO in epoch[9]  Iter [500/1046]  Loss: 0.22102843 ;  val_loss:0.26764721
2021-08-19 19:52:58,545 INFO in epoch[9]  Iter [1000/1046]  Loss: 0.21856627 ;  val_loss:0.26764721
2021-08-19 19:54:57,482 INFO Iter 10 Val Loss: 0.25732239
2021-08-19 19:54:57,482 INFO ecpch[9] loss: 0.21858586 ;  val_loss:0.25732239 my_total_loss:0.47590825
2021-08-19 19:54:58,016 INFO score Overall Acc: 	: 0.9986441336588817
2021-08-19 19:54:58,017 INFO score Mean Acc : 	: 0.7882727622118013
2021-08-19 19:54:58,017 INFO score FreqW Acc : 	: 0.9974973336011204
2021-08-19 19:54:58,017 INFO score Mean IoU : 	: 0.743590542921245
2021-08-19 19:54:58,018 INFO class_iou: 0: 0.9986423754001179
2021-08-19 19:54:58,018 INFO class_iou: 1: 0.4885387104423723
2021-08-19 19:58:39,548 INFO in epoch[10]  Iter [500/1046]  Loss: 0.21525364 ;  val_loss:0.25732239
2021-08-19 20:02:12,764 INFO in epoch[10]  Iter [1000/1046]  Loss: 0.21591534 ;  val_loss:0.25732239
2021-08-19 20:04:13,692 INFO Iter 11 Val Loss: 0.25900764
2021-08-19 20:04:13,693 INFO ecpch[10] loss: 0.21621197 ;  val_loss:0.25900764 my_total_loss:0.47521961
2021-08-19 20:04:13,693 INFO score Overall Acc: 	: 0.9985745454794402
2021-08-19 20:04:13,694 INFO score Mean Acc : 	: 0.7830929332142632
2021-08-19 20:04:13,694 INFO score FreqW Acc : 	: 0.9973897000812115
2021-08-19 20:04:13,695 INFO score Mean IoU : 	: 0.7350592361690123
2021-08-19 20:04:13,695 INFO class_iou: 0: 0.9985727300644806
2021-08-19 20:04:13,695 INFO class_iou: 1: 0.471545742273544
2021-08-19 20:07:54,790 INFO in epoch[11]  Iter [500/1046]  Loss: 0.21447042 ;  val_loss:0.25900764
2021-08-19 20:11:28,335 INFO in epoch[11]  Iter [1000/1046]  Loss: 0.21460011 ;  val_loss:0.25900764
2021-08-19 20:13:29,378 INFO Iter 12 Val Loss: 0.26285850
2021-08-19 20:13:29,379 INFO ecpch[11] loss: 0.21467371 ;  val_loss:0.26285850 my_total_loss:0.47753221
2021-08-19 20:13:29,379 INFO score Overall Acc: 	: 0.9985850133131702
2021-08-19 20:13:29,380 INFO score Mean Acc : 	: 0.7589584353955454
2021-08-19 20:13:29,380 INFO score FreqW Acc : 	: 0.9973546356033521
2021-08-19 20:13:29,381 INFO score Mean IoU : 	: 0.7248905091812129
2021-08-19 20:13:29,381 INFO class_iou: 0: 0.9985833652983923
2021-08-19 20:13:29,382 INFO class_iou: 1: 0.4511976530640334
2021-08-19 20:17:14,287 INFO in epoch[12]  Iter [500/1046]  Loss: 0.21021275 ;  val_loss:0.26285850
2021-08-19 20:20:49,481 INFO in epoch[12]  Iter [1000/1046]  Loss: 0.21204782 ;  val_loss:0.26285850
2021-08-19 20:22:49,180 INFO Iter 13 Val Loss: 0.25893394
2021-08-19 20:22:49,180 INFO ecpch[12] loss: 0.21228029 ;  val_loss:0.25893394 my_total_loss:0.47121423
2021-08-19 20:22:49,181 INFO score Overall Acc: 	: 0.9986328323730668
2021-08-19 20:22:49,182 INFO score Mean Acc : 	: 0.7654888579713157
2021-08-19 20:22:49,182 INFO score FreqW Acc : 	: 0.9974353726181097
2021-08-19 20:22:49,182 INFO score Mean IoU : 	: 0.7322671701543074
2021-08-19 20:22:49,183 INFO class_iou: 0: 0.9986311999324289
2021-08-19 20:22:49,183 INFO class_iou: 1: 0.465903140376186
2021-08-19 20:26:30,294 INFO in epoch[13]  Iter [500/1046]  Loss: 0.21122869 ;  val_loss:0.25893394
2021-08-19 20:30:03,212 INFO in epoch[13]  Iter [1000/1046]  Loss: 0.21169280 ;  val_loss:0.25893394
2021-08-19 20:32:05,094 INFO Iter 14 Val Loss: 0.26201017
2021-08-19 20:32:05,094 INFO ecpch[13] loss: 0.21174753 ;  val_loss:0.26201017 my_total_loss:0.47375770
2021-08-19 20:32:05,095 INFO score Overall Acc: 	: 0.9986612224684212
2021-08-19 20:32:05,095 INFO score Mean Acc : 	: 0.765311095507903
2021-08-19 20:32:05,096 INFO score FreqW Acc : 	: 0.997475057857258
2021-08-19 20:32:05,097 INFO score Mean IoU : 	: 0.7348037181824532
2021-08-19 20:32:05,097 INFO class_iou: 0: 0.9986596250857318
2021-08-19 20:32:05,097 INFO class_iou: 1: 0.4709478112791746
2021-08-19 20:35:46,143 INFO in epoch[14]  Iter [500/1046]  Loss: 0.21109523 ;  val_loss:0.26201017
2021-08-19 20:39:18,965 INFO in epoch[14]  Iter [1000/1046]  Loss: 0.21045799 ;  val_loss:0.26201017
2021-08-19 20:41:21,298 INFO Iter 15 Val Loss: 0.25865751
2021-08-19 20:41:21,298 INFO ecpch[14] loss: 0.21078665 ;  val_loss:0.25865751 my_total_loss:0.46944416
2021-08-19 20:41:21,299 INFO score Overall Acc: 	: 0.9986876090341891
2021-08-19 20:41:21,299 INFO score Mean Acc : 	: 0.7802544273729171
2021-08-19 20:41:21,300 INFO score FreqW Acc : 	: 0.9975432038170065
2021-08-19 20:41:21,300 INFO score Mean IoU : 	: 0.7441443994687902
2021-08-19 20:41:21,301 INFO class_iou: 0: 0.9986859547533552
2021-08-19 20:41:21,301 INFO class_iou: 1: 0.4896028441842253
2021-08-19 20:45:02,918 INFO in epoch[15]  Iter [500/1046]  Loss: 0.20891723 ;  val_loss:0.25865751
2021-08-19 20:48:35,644 INFO in epoch[15]  Iter [1000/1046]  Loss: 0.20973744 ;  val_loss:0.25865751
2021-08-19 20:50:38,103 INFO Iter 16 Val Loss: 0.26044017
2021-08-19 20:50:38,103 INFO ecpch[15] loss: 0.21021552 ;  val_loss:0.26044017 my_total_loss:0.47065569
2021-08-19 20:50:38,104 INFO score Overall Acc: 	: 0.9986661461221011
2021-08-19 20:50:38,105 INFO score Mean Acc : 	: 0.7716735513060426
2021-08-19 20:50:38,105 INFO score FreqW Acc : 	: 0.9974952814709566
2021-08-19 20:50:38,106 INFO score Mean IoU : 	: 0.7382238067252886
2021-08-19 20:50:38,106 INFO class_iou: 0: 0.9986645163507194
2021-08-19 20:50:38,106 INFO class_iou: 1: 0.47778309709985795
2021-08-19 20:54:19,348 INFO in epoch[16]  Iter [500/1046]  Loss: 0.21024772 ;  val_loss:0.26044017
2021-08-19 20:57:52,321 INFO in epoch[16]  Iter [1000/1046]  Loss: 0.20764260 ;  val_loss:0.26044017
2021-08-19 20:59:52,364 INFO Iter 17 Val Loss: 0.25818272
2021-08-19 20:59:52,364 INFO ecpch[16] loss: 0.20760775 ;  val_loss:0.25818272 my_total_loss:0.46579048
2021-08-19 20:59:52,365 INFO score Overall Acc: 	: 0.9987248446721103
2021-08-19 20:59:52,365 INFO score Mean Acc : 	: 0.781690473955664
2021-08-19 20:59:52,366 INFO score FreqW Acc : 	: 0.9975993792289619
2021-08-19 20:59:52,366 INFO score Mean IoU : 	: 0.748391766873097
2021-08-19 20:59:52,367 INFO class_iou: 0: 0.9987232291741004
2021-08-19 20:59:52,367 INFO class_iou: 1: 0.4980603045720936
2021-08-19 21:03:33,880 INFO in epoch[17]  Iter [500/1046]  Loss: 0.20708516 ;  val_loss:0.25818272
2021-08-19 21:07:07,077 INFO in epoch[17]  Iter [1000/1046]  Loss: 0.20692805 ;  val_loss:0.25818272
2021-08-19 21:09:07,643 INFO Iter 18 Val Loss: 0.26091369
2021-08-19 21:09:07,643 INFO ecpch[17] loss: 0.20661509 ;  val_loss:0.26091369 my_total_loss:0.46752878
2021-08-19 21:09:07,643 INFO score Overall Acc: 	: 0.9986928814804692
2021-08-19 21:09:07,644 INFO score Mean Acc : 	: 0.77254954953144
2021-08-19 21:09:07,645 INFO score FreqW Acc : 	: 0.9975351090001209
2021-08-19 21:09:07,645 INFO score Mean IoU : 	: 0.7411606360119971
2021-08-19 21:09:07,645 INFO class_iou: 0: 0.99869127928994
2021-08-19 21:09:07,646 INFO class_iou: 1: 0.4836299927340544
2021-08-19 21:12:48,975 INFO in epoch[18]  Iter [500/1046]  Loss: 0.20562420 ;  val_loss:0.26091369
2021-08-19 21:16:22,608 INFO in epoch[18]  Iter [1000/1046]  Loss: 0.20565064 ;  val_loss:0.26091369
2021-08-19 21:18:23,330 INFO Iter 19 Val Loss: 0.26259464
2021-08-19 21:18:23,330 INFO ecpch[18] loss: 0.20578609 ;  val_loss:0.26259464 my_total_loss:0.46838073
2021-08-19 21:18:23,331 INFO score Overall Acc: 	: 0.9986513122972785
2021-08-19 21:18:23,331 INFO score Mean Acc : 	: 0.7633317025933973
2021-08-19 21:18:23,331 INFO score FreqW Acc : 	: 0.9974568641181241
2021-08-19 21:18:23,332 INFO score Mean IoU : 	: 0.732948647082432
2021-08-19 21:18:23,332 INFO class_iou: 0: 0.9986497151004599
2021-08-19 21:18:23,333 INFO class_iou: 1: 0.46724757906440423
2021-08-19 21:22:04,587 INFO in epoch[19]  Iter [500/1046]  Loss: 0.20409253 ;  val_loss:0.26259464
2021-08-19 21:25:37,489 INFO in epoch[19]  Iter [1000/1046]  Loss: 0.20424620 ;  val_loss:0.26259464
2021-08-19 21:27:38,091 INFO Iter 20 Val Loss: 0.26100665
2021-08-19 21:27:38,092 INFO ecpch[19] loss: 0.20453039 ;  val_loss:0.26100665 my_total_loss:0.46553704
