2021-10-24 18:21:11,376 INFO Let the games begin
2021-10-24 18:21:11,376 INFO Let the games begin
2021-10-24 18:21:11,376 INFO ========================================
2021-10-24 18:21:11,376 INFO # parameters: 
2021-10-24 18:21:11,376 INFO IMG_H=224
2021-10-24 18:21:11,376 INFO IMG_W=224
2021-10-24 18:21:11,376 INFO img_depth=1
2021-10-24 18:21:11,376 INFO img_depth_out_num=2
2021-10-24 18:21:11,376 INFO batch_size=16
2021-10-24 18:21:11,377 INFO n_classes=2
2021-10-24 18:21:11,377 INFO learning_rate=0.001
2021-10-24 18:21:11,377 INFO patience_scheduler=5
2021-10-24 18:21:11,378 INFO patience_early_stop=10
2021-10-24 18:21:11,378 INFO ReduceLR_factor=0.2
2021-10-24 18:21:11,378 INFO ========================================
2021-10-24 18:21:11,428 INFO ==========================================
2021-10-24 18:21:11,429 INFO Device:cuda
2021-10-24 18:21:11,430 INFO Current cuda device:0
2021-10-24 18:21:11,430 INFO torch.cuda.device_count()=1
2021-10-24 18:21:11,430 INFO ==========================================
2021-10-24 18:21:11,528 INFO ----------------------------------------- load train (133812): C:/Users/user/Documents/python-code/11_c_paper/data/ATLAS/by_id/train/imgs/
2021-10-24 18:21:13,094 INFO Parameters:
2021-10-24 18:21:14,958 INFO Parameters:
2021-10-24 18:21:19,212 INFO predict 100 imgs : 4.253736257553101
2021-10-24 18:21:19,212 INFO predict 100 imgs : 0:00:04.253736
2021-10-24 18:21:19,213 INFO predict FPS is      : 23.508744770538154/s
2021-10-24 18:21:19,213 INFO ------------------------------------------------
2021-10-24 18:21:27,925 INFO predict 1,000 imgs : 8.712511539459229
2021-10-24 18:21:27,925 INFO predict 1,000 imgs : 0:00:08.712512
2021-10-24 18:21:27,925 INFO predict FPS is      : 114.77746634491899/s
2021-10-24 18:21:27,925 INFO ------------------------------------------------
2021-10-24 18:22:32,054 INFO predict 10,000 imgs : 64.1290853023529
2021-10-24 18:22:32,054 INFO predict 10,000 imgs : 0:01:04.129085
2021-10-24 18:22:32,054 INFO predict FPS is      : 155.9354847001552/s
2021-10-24 18:22:32,054 INFO ------------------------------------------------
2021-10-24 18:25:45,936 INFO predict 30,000 imgs : 193.88056087493896
2021-10-24 18:25:45,937 INFO predict 30,000 imgs : 0:03:13.880561
2021-10-24 18:25:45,937 INFO predict FPS is      : 154.73443992846322/s
2021-10-24 18:25:45,937 INFO ------------------------------------------------
2021-10-24 18:31:06,658 INFO predict 50,000 imgs : 320.720427274704
2021-10-24 18:31:06,658 INFO predict 50,000 imgs : 0:05:20.720427
2021-10-24 18:31:06,658 INFO predict FPS is      : 155.89901904556245/s
2021-10-24 18:31:06,658 INFO ------------------------------------------------
2021-10-24 18:41:43,980 INFO predict 100,000 imgs : 637.3187916278839
2021-10-24 18:41:43,980 INFO predict 100,000 imgs : 0:10:37.318792
2021-10-24 18:41:43,980 INFO predict FPS is      : 156.90734576423372/s
2021-10-24 18:41:43,980 INFO ------------------------------------------------
