2021-08-19 20:20:09,892 INFO Let the games begin
2021-08-19 20:23:50,591 INFO in epoch[0]  Iter [500/1046]  Loss: 0.54600168 ;  val_loss:0.00000000
2021-08-19 20:27:05,532 INFO in epoch[0]  Iter [1000/1046]  Loss: 0.51144186 ;  val_loss:0.00000000
2021-08-19 20:29:34,261 INFO Iter 1 Val Loss: 0.44780265
2021-08-19 20:29:34,262 INFO ecpch[0] loss: 0.50838095 ;  val_loss:0.44780265 my_total_loss:0.95618360
2021-08-19 20:29:34,591 INFO score Overall Acc: 	: 0.9977526724975705
2021-08-19 20:29:34,592 INFO score Mean Acc : 	: 0.5000487206016067
2021-08-19 20:29:34,592 INFO score FreqW Acc : 	: 0.9955132177066854
2021-08-19 20:29:34,594 INFO score Mean IoU : 	: 0.4989264111085255
2021-08-19 20:29:34,595 INFO class_iou: 0: 0.9977526719917129
2021-08-19 20:29:34,596 INFO class_iou: 1: 0.00010015022533800701
2021-08-19 20:32:31,283 INFO in epoch[1]  Iter [500/1046]  Loss: 0.41936786 ;  val_loss:0.44780265
2021-08-19 20:35:09,821 INFO in epoch[1]  Iter [1000/1046]  Loss: 0.40184901 ;  val_loss:0.44780265
2021-08-19 20:37:13,669 INFO Iter 2 Val Loss: 0.39062720
2021-08-19 20:37:13,669 INFO ecpch[1] loss: 0.40046005 ;  val_loss:0.39062720 my_total_loss:0.79108724
2021-08-19 20:37:14,015 INFO score Overall Acc: 	: 0.9977540798351544
2021-08-19 20:37:14,016 INFO score Mean Acc : 	: 0.49999985111372663
2021-08-19 20:37:14,017 INFO score FreqW Acc : 	: 0.9955143996025582
2021-08-19 20:37:14,019 INFO score Mean IoU : 	: 0.498877491369932
2021-08-19 20:37:14,019 INFO class_iou: 0: 0.9977540798306
2021-08-19 20:37:14,021 INFO class_iou: 1: 9.029092639393389e-07
2021-08-19 20:40:09,543 INFO in epoch[2]  Iter [500/1046]  Loss: 0.35995915 ;  val_loss:0.39062720
2021-08-19 20:42:46,823 INFO in epoch[2]  Iter [1000/1046]  Loss: 0.35167545 ;  val_loss:0.39062720
2021-08-19 20:44:50,468 INFO Iter 3 Val Loss: 0.35440482
2021-08-19 20:44:50,469 INFO ecpch[2] loss: 0.35105658 ;  val_loss:0.35440482 my_total_loss:0.70546140
2021-08-19 20:44:50,853 INFO score Overall Acc: 	: 0.9971287210654637
2021-08-19 20:44:50,853 INFO score Mean Acc : 	: 0.502692950898165
2021-08-19 20:44:50,855 INFO score FreqW Acc : 	: 0.9949009316815798
2021-08-19 20:44:50,856 INFO score Mean IoU : 	: 0.5009093679433506
2021-08-19 20:44:50,857 INFO class_iou: 0: 0.9971286822167974
2021-08-19 20:44:50,857 INFO class_iou: 1: 0.004690053669903732
2021-08-19 20:47:48,006 INFO in epoch[3]  Iter [500/1046]  Loss: 0.33335044 ;  val_loss:0.35440482
2021-08-19 20:50:26,850 INFO in epoch[3]  Iter [1000/1046]  Loss: 0.32631491 ;  val_loss:0.35440482
2021-08-19 20:52:30,799 INFO Iter 4 Val Loss: 0.31550303
2021-08-19 20:52:30,799 INFO ecpch[3] loss: 0.32577442 ;  val_loss:0.31550303 my_total_loss:0.64127745
2021-08-19 20:52:31,150 INFO score Overall Acc: 	: 0.9951025179321576
2021-08-19 20:52:31,150 INFO score Mean Acc : 	: 0.7576734140124608
2021-08-19 20:52:31,151 INFO score FreqW Acc : 	: 0.993294564841972
2021-08-19 20:52:31,152 INFO score Mean IoU : 	: 0.593657891907982
2021-08-19 20:52:31,153 INFO class_iou: 0: 0.9950968037411226
2021-08-19 20:52:31,153 INFO class_iou: 1: 0.19221898007484142
2021-08-19 20:55:28,030 INFO in epoch[4]  Iter [500/1046]  Loss: 0.30419683 ;  val_loss:0.31550303
2021-08-19 20:58:06,575 INFO in epoch[4]  Iter [1000/1046]  Loss: 0.30052767 ;  val_loss:0.31550303
2021-08-19 21:00:10,068 INFO Iter 5 Val Loss: 0.30762106
2021-08-19 21:00:10,069 INFO ecpch[4] loss: 0.30051447 ;  val_loss:0.30762106 my_total_loss:0.60813553
2021-08-19 21:00:10,415 INFO score Overall Acc: 	: 0.9947431378543863
2021-08-19 21:00:10,416 INFO score Mean Acc : 	: 0.6515309188937456
2021-08-19 21:00:10,417 INFO score FreqW Acc : 	: 0.9927665879457909
2021-08-19 21:00:10,418 INFO score Mean IoU : 	: 0.5552806561918586
2021-08-19 21:00:10,419 INFO class_iou: 0: 0.9947395154007451
2021-08-19 21:00:10,419 INFO class_iou: 1: 0.11582179698297208
2021-08-19 21:03:06,907 INFO in epoch[5]  Iter [500/1046]  Loss: 0.28862180 ;  val_loss:0.30762106
2021-08-19 21:05:44,797 INFO in epoch[5]  Iter [1000/1046]  Loss: 0.28186968 ;  val_loss:0.30762106
2021-08-19 21:07:48,760 INFO Iter 6 Val Loss: 0.28197046
2021-08-19 21:07:48,761 INFO ecpch[5] loss: 0.28164650 ;  val_loss:0.28197046 my_total_loss:0.56361696
2021-08-19 21:07:49,112 INFO score Overall Acc: 	: 0.9967390426723574
2021-08-19 21:07:49,113 INFO score Mean Acc : 	: 0.8202978946768027
2021-08-19 21:07:49,114 INFO score FreqW Acc : 	: 0.9951856971892148
2021-08-19 21:07:49,115 INFO score Mean IoU : 	: 0.6517850844774105
2021-08-19 21:07:49,116 INFO class_iou: 0: 0.9967343286941207
2021-08-19 21:07:49,116 INFO class_iou: 1: 0.3068358402607003
2021-08-19 21:10:46,614 INFO in epoch[6]  Iter [500/1046]  Loss: 0.26668005 ;  val_loss:0.28197046
2021-08-19 21:13:24,753 INFO in epoch[6]  Iter [1000/1046]  Loss: 0.26273127 ;  val_loss:0.28197046
2021-08-19 21:15:28,253 INFO Iter 7 Val Loss: 0.27377081
2021-08-19 21:15:28,253 INFO ecpch[6] loss: 0.26248262 ;  val_loss:0.27377081 my_total_loss:0.53625342
2021-08-19 21:15:28,626 INFO score Overall Acc: 	: 0.9980898880223258
2021-08-19 21:15:28,627 INFO score Mean Acc : 	: 0.7651712564202493
2021-08-19 21:15:28,629 INFO score FreqW Acc : 	: 0.9967099007950312
2021-08-19 21:15:28,630 INFO score Mean IoU : 	: 0.6912108925277278
2021-08-19 21:15:28,631 INFO class_iou: 0: 0.9980876076814115
2021-08-19 21:15:28,632 INFO class_iou: 1: 0.38433417737404424
2021-08-19 21:18:25,548 INFO in epoch[7]  Iter [500/1046]  Loss: 0.25176429 ;  val_loss:0.27377081
2021-08-19 21:21:03,320 INFO in epoch[7]  Iter [1000/1046]  Loss: 0.24957728 ;  val_loss:0.27377081
2021-08-19 21:23:07,296 INFO Iter 8 Val Loss: 0.26447461
2021-08-19 21:23:07,297 INFO ecpch[7] loss: 0.24955242 ;  val_loss:0.26447461 my_total_loss:0.51402703
2021-08-19 21:23:07,646 INFO score Overall Acc: 	: 0.9978801602486232
2021-08-19 21:23:07,647 INFO score Mean Acc : 	: 0.812904879130312
2021-08-19 21:23:07,648 INFO score FreqW Acc : 	: 0.9965329760739347
2021-08-19 21:23:07,649 INFO score Mean IoU : 	: 0.6984648327324753
2021-08-19 21:23:07,649 INFO class_iou: 0: 0.9978771720371923
2021-08-19 21:23:07,650 INFO class_iou: 1: 0.3990524934277582
2021-08-19 21:26:04,993 INFO in epoch[8]  Iter [500/1046]  Loss: 0.24221215 ;  val_loss:0.26447461
2021-08-19 21:28:44,025 INFO in epoch[8]  Iter [1000/1046]  Loss: 0.24112562 ;  val_loss:0.26447461
2021-08-19 21:30:48,235 INFO Iter 9 Val Loss: 0.26846370
2021-08-19 21:30:48,235 INFO ecpch[8] loss: 0.24128526 ;  val_loss:0.26846370 my_total_loss:0.50974895
2021-08-19 21:30:48,236 INFO score Overall Acc: 	: 0.9983128232739601
2021-08-19 21:30:48,237 INFO score Mean Acc : 	: 0.7390737112667276
2021-08-19 21:30:48,238 INFO score FreqW Acc : 	: 0.9969434284982862
2021-08-19 21:30:48,239 INFO score Mean IoU : 	: 0.6936900017832253
2021-08-19 21:30:48,239 INFO class_iou: 0: 0.9983110085001767
2021-08-19 21:30:48,240 INFO class_iou: 1: 0.3890689950662738
2021-08-19 21:33:45,363 INFO in epoch[9]  Iter [500/1046]  Loss: 0.23671896 ;  val_loss:0.26846370
2021-08-19 21:36:24,552 INFO in epoch[9]  Iter [1000/1046]  Loss: 0.23455841 ;  val_loss:0.26846370
2021-08-19 21:38:28,556 INFO Iter 10 Val Loss: 0.26618016
2021-08-19 21:38:28,556 INFO ecpch[9] loss: 0.23466312 ;  val_loss:0.26618016 my_total_loss:0.50084328
2021-08-19 21:38:28,557 INFO score Overall Acc: 	: 0.9982595573714834
2021-08-19 21:38:28,558 INFO score Mean Acc : 	: 0.7583356482820867
2021-08-19 21:38:28,559 INFO score FreqW Acc : 	: 0.9969150600018598
2021-08-19 21:38:28,560 INFO score Mean IoU : 	: 0.699228772756062
2021-08-19 21:38:28,560 INFO class_iou: 0: 0.9982575339111717
2021-08-19 21:38:28,560 INFO class_iou: 1: 0.4002000116009524
2021-08-19 21:41:25,359 INFO in epoch[10]  Iter [500/1046]  Loss: 0.22930134 ;  val_loss:0.26618016
2021-08-19 21:44:03,521 INFO in epoch[10]  Iter [1000/1046]  Loss: 0.22930722 ;  val_loss:0.26618016
2021-08-19 21:46:07,128 INFO Iter 11 Val Loss: 0.26478827
2021-08-19 21:46:07,128 INFO ecpch[10] loss: 0.22916565 ;  val_loss:0.26478827 my_total_loss:0.49395392
2021-08-19 21:46:07,129 INFO score Overall Acc: 	: 0.9982847556089743
2021-08-19 21:46:07,130 INFO score Mean Acc : 	: 0.7673735824604395
2021-08-19 21:46:07,130 INFO score FreqW Acc : 	: 0.9969666645541457
2021-08-19 21:46:07,132 INFO score Mean IoU : 	: 0.7051448202232287
2021-08-19 21:46:07,132 INFO class_iou: 0: 0.998282691623468
2021-08-19 21:46:07,133 INFO class_iou: 1: 0.4120069488229892
2021-08-19 21:49:04,342 INFO in epoch[11]  Iter [500/1046]  Loss: 0.22560353 ;  val_loss:0.26478827
2021-08-19 21:51:42,377 INFO in epoch[11]  Iter [1000/1046]  Loss: 0.22552142 ;  val_loss:0.26478827
2021-08-19 21:53:46,398 INFO Iter 12 Val Loss: 0.26274491
2021-08-19 21:53:46,398 INFO ecpch[11] loss: 0.22546115 ;  val_loss:0.26274491 my_total_loss:0.48820606
2021-08-19 21:53:46,764 INFO score Overall Acc: 	: 0.9984617658256449
2021-08-19 21:53:46,764 INFO score Mean Acc : 	: 0.7558428690426042
2021-08-19 21:53:46,766 INFO score FreqW Acc : 	: 0.9971788032924339
2021-08-19 21:53:46,767 INFO score Mean IoU : 	: 0.7130814107597159
2021-08-19 21:53:46,768 INFO class_iou: 0: 0.998459995451829
2021-08-19 21:53:46,769 INFO class_iou: 1: 0.4277028260676029
2021-08-19 21:56:43,566 INFO in epoch[12]  Iter [500/1046]  Loss: 0.22220489 ;  val_loss:0.26274491
2021-08-19 21:59:21,881 INFO in epoch[12]  Iter [1000/1046]  Loss: 0.22264679 ;  val_loss:0.26274491
2021-08-19 22:01:25,878 INFO Iter 13 Val Loss: 0.26633013
2021-08-19 22:01:25,878 INFO ecpch[12] loss: 0.22241885 ;  val_loss:0.26633013 my_total_loss:0.48874898
2021-08-19 22:01:25,879 INFO score Overall Acc: 	: 0.9984710818326491
2021-08-19 22:01:25,880 INFO score Mean Acc : 	: 0.7275079121976181
2021-08-19 22:01:25,881 INFO score FreqW Acc : 	: 0.9971275945418889
2021-08-19 22:01:25,882 INFO score Mean IoU : 	: 0.6995634629654222
2021-08-19 22:01:25,882 INFO class_iou: 0: 0.998469517566575
2021-08-19 22:01:25,883 INFO class_iou: 1: 0.40065740836426944
2021-08-19 22:04:22,347 INFO in epoch[13]  Iter [500/1046]  Loss: 0.21874594 ;  val_loss:0.26633013
2021-08-19 22:07:00,568 INFO in epoch[13]  Iter [1000/1046]  Loss: 0.21982753 ;  val_loss:0.26633013
2021-08-19 22:09:04,666 INFO Iter 14 Val Loss: 0.26217341
2021-08-19 22:09:04,666 INFO ecpch[13] loss: 0.22021411 ;  val_loss:0.26217341 my_total_loss:0.48238753
2021-08-19 22:09:05,019 INFO score Overall Acc: 	: 0.9983585252438888
2021-08-19 22:09:05,019 INFO score Mean Acc : 	: 0.7678711446607815
2021-08-19 22:09:05,021 INFO score FreqW Acc : 	: 0.9970652923222519
2021-08-19 22:09:05,022 INFO score Mean IoU : 	: 0.7107366760860481
2021-08-19 22:09:05,022 INFO class_iou: 0: 0.9983565466166396
2021-08-19 22:09:05,023 INFO class_iou: 1: 0.42311680555545655
2021-08-19 22:12:02,422 INFO in epoch[14]  Iter [500/1046]  Loss: 0.21808681 ;  val_loss:0.26217341
2021-08-19 22:14:41,481 INFO in epoch[14]  Iter [1000/1046]  Loss: 0.21810499 ;  val_loss:0.26217341
2021-08-19 22:16:45,149 INFO Iter 15 Val Loss: 0.26594927
2021-08-19 22:16:45,150 INFO ecpch[14] loss: 0.21830098 ;  val_loss:0.26594927 my_total_loss:0.48425025
2021-08-19 22:16:45,151 INFO score Overall Acc: 	: 0.9984698346963174
2021-08-19 22:16:45,151 INFO score Mean Acc : 	: 0.7301333963958967
2021-08-19 22:16:45,152 INFO score FreqW Acc : 	: 0.9971320934496329
2021-08-19 22:16:45,153 INFO score Mean IoU : 	: 0.7008464164485145
2021-08-19 22:16:45,154 INFO class_iou: 0: 0.9984682510360534
2021-08-19 22:16:45,155 INFO class_iou: 1: 0.4032245818609757
2021-08-19 22:19:41,758 INFO in epoch[15]  Iter [500/1046]  Loss: 0.21643646 ;  val_loss:0.26594927
2021-08-19 22:22:20,188 INFO in epoch[15]  Iter [1000/1046]  Loss: 0.21650536 ;  val_loss:0.26594927
2021-08-19 22:24:24,114 INFO Iter 16 Val Loss: 0.26656909
2021-08-19 22:24:24,114 INFO ecpch[15] loss: 0.21690583 ;  val_loss:0.26656909 my_total_loss:0.48347492
2021-08-19 22:24:24,116 INFO score Overall Acc: 	: 0.99833349734697
2021-08-19 22:24:24,116 INFO score Mean Acc : 	: 0.7313706927308222
2021-08-19 22:24:24,117 INFO score FreqW Acc : 	: 0.9969532206753163
2021-08-19 22:24:24,117 INFO score Mean IoU : 	: 0.6912690089783814
2021-08-19 22:24:24,118 INFO class_iou: 0: 0.998331762772396
2021-08-19 22:24:24,119 INFO class_iou: 1: 0.38420625518436674
2021-08-19 22:27:21,413 INFO in epoch[16]  Iter [500/1046]  Loss: 0.21597241 ;  val_loss:0.26656909
2021-08-19 22:29:59,746 INFO in epoch[16]  Iter [1000/1046]  Loss: 0.21685852 ;  val_loss:0.26656909
2021-08-19 22:32:04,574 INFO Iter 17 Val Loss: 0.26350765
2021-08-19 22:32:04,574 INFO ecpch[16] loss: 0.21644658 ;  val_loss:0.26350765 my_total_loss:0.47995423
2021-08-19 22:32:04,575 INFO score Overall Acc: 	: 0.9984792176228321
2021-08-19 22:32:04,576 INFO score Mean Acc : 	: 0.7464941571016132
2021-08-19 22:32:04,577 INFO score FreqW Acc : 	: 0.9971820949945955
2021-08-19 22:32:04,578 INFO score Mean IoU : 	: 0.709926093746108
2021-08-19 22:32:04,579 INFO class_iou: 0: 0.9984775315111286
2021-08-19 22:32:04,579 INFO class_iou: 1: 0.42137465598108753
2021-08-19 22:35:00,580 INFO in epoch[17]  Iter [500/1046]  Loss: 0.21299575 ;  val_loss:0.26350765
2021-08-19 22:37:38,615 INFO in epoch[17]  Iter [1000/1046]  Loss: 0.21368940 ;  val_loss:0.26350765
2021-08-19 22:39:43,117 INFO Iter 18 Val Loss: 0.26935509
2021-08-19 22:39:43,118 INFO ecpch[17] loss: 0.21378214 ;  val_loss:0.26935509 my_total_loss:0.48313723
2021-08-19 22:39:43,119 INFO score Overall Acc: 	: 0.9984346999254525
2021-08-19 22:39:43,119 INFO score Mean Acc : 	: 0.7149860295901646
2021-08-19 22:39:43,120 INFO score FreqW Acc : 	: 0.9970485134863355
2021-08-19 22:39:43,121 INFO score Mean IoU : 	: 0.6900047651136414
2021-08-19 22:39:43,121 INFO class_iou: 0: 0.9984331866771007
2021-08-19 22:39:43,122 INFO class_iou: 1: 0.381576343550182
2021-08-19 22:42:40,826 INFO in epoch[18]  Iter [500/1046]  Loss: 0.21228050 ;  val_loss:0.26935509
2021-08-19 22:45:18,417 INFO in epoch[18]  Iter [1000/1046]  Loss: 0.21273512 ;  val_loss:0.26935509
2021-08-19 22:47:22,137 INFO Iter 19 Val Loss: 0.26476925
2021-08-19 22:47:22,138 INFO ecpch[18] loss: 0.21297758 ;  val_loss:0.26476925 my_total_loss:0.47774683
2021-08-19 22:47:22,139 INFO score Overall Acc: 	: 0.99853709488794
2021-08-19 22:47:22,140 INFO score Mean Acc : 	: 0.739811191754449
2021-08-19 22:47:22,140 INFO score FreqW Acc : 	: 0.9972460594152018
2021-08-19 22:47:22,141 INFO score Mean IoU : 	: 0.7113158042240478
2021-08-19 22:47:22,142 INFO class_iou: 0: 0.9985355172233812
2021-08-19 22:47:22,142 INFO class_iou: 1: 0.4240960912247145
2021-08-19 22:50:18,942 INFO in epoch[19]  Iter [500/1046]  Loss: 0.21287076 ;  val_loss:0.26476925
2021-08-19 22:52:57,045 INFO in epoch[19]  Iter [1000/1046]  Loss: 0.21267995 ;  val_loss:0.26476925
2021-08-19 22:55:00,558 INFO Iter 20 Val Loss: 0.26826527
2021-08-19 22:55:00,559 INFO ecpch[19] loss: 0.21221372 ;  val_loss:0.26826527 my_total_loss:0.48047899
2021-08-19 22:55:00,560 INFO score Overall Acc: 	: 0.9984610682404448
2021-08-19 22:55:00,560 INFO score Mean Acc : 	: 0.7217166206475594
2021-08-19 22:55:00,561 INFO score FreqW Acc : 	: 0.997100262923436
2021-08-19 22:55:00,562 INFO score Mean IoU : 	: 0.6956893223712834
2021-08-19 22:55:00,562 INFO class_iou: 0: 0.9984595338774868
2021-08-19 22:55:00,563 INFO class_iou: 1: 0.39291911086508025
2021-08-19 22:57:57,363 INFO in epoch[20]  Iter [500/1046]  Loss: 0.20909031 ;  val_loss:0.26826527
2021-08-19 23:00:35,937 INFO in epoch[20]  Iter [1000/1046]  Loss: 0.20834090 ;  val_loss:0.26826527
2021-08-19 23:02:40,471 INFO Iter 21 Val Loss: 0.26689912
2021-08-19 23:02:40,472 INFO ecpch[20] loss: 0.20805231 ;  val_loss:0.26689912 my_total_loss:0.47495143
2021-08-19 23:02:40,473 INFO score Overall Acc: 	: 0.9984805316786742
2021-08-19 23:02:40,473 INFO score Mean Acc : 	: 0.7260294616726792
2021-08-19 23:02:40,474 INFO score FreqW Acc : 	: 0.9971368537369542
2021-08-19 23:02:40,475 INFO score Mean IoU : 	: 0.6995260492653997
2021-08-19 23:02:40,476 INFO class_iou: 0: 0.998478987242091
2021-08-19 23:02:40,477 INFO class_iou: 1: 0.40057311128870843
2021-08-19 23:05:37,237 INFO in epoch[21]  Iter [500/1046]  Loss: 0.20682655 ;  val_loss:0.26689912
2021-08-19 23:08:17,783 INFO in epoch[21]  Iter [1000/1046]  Loss: 0.20663746 ;  val_loss:0.26689912
2021-08-19 23:10:21,774 INFO Iter 22 Val Loss: 0.26798857
2021-08-19 23:10:21,774 INFO ecpch[21] loss: 0.20669694 ;  val_loss:0.26798857 my_total_loss:0.47468551
2021-08-19 23:10:21,776 INFO score Overall Acc: 	: 0.9984943170978328
2021-08-19 23:10:21,776 INFO score Mean Acc : 	: 0.718582131746041
2021-08-19 23:10:21,777 INFO score FreqW Acc : 	: 0.9971375129751698
2021-08-19 23:10:21,778 INFO score Mean IoU : 	: 0.6966017212799065
2021-08-19 23:10:21,779 INFO class_iou: 0: 0.9984928372761248
2021-08-19 23:10:21,779 INFO class_iou: 1: 0.3947106052836883
2021-08-19 23:13:18,184 INFO in epoch[22]  Iter [500/1046]  Loss: 0.20678853 ;  val_loss:0.26798857
2021-08-19 23:15:55,569 INFO in epoch[22]  Iter [1000/1046]  Loss: 0.20646305 ;  val_loss:0.26798857
2021-08-19 23:17:59,175 INFO Iter 23 Val Loss: 0.26956733
2021-08-19 23:17:59,176 INFO ecpch[22] loss: 0.20661106 ;  val_loss:0.26956733 my_total_loss:0.47617839
2021-08-19 23:17:59,177 INFO score Overall Acc: 	: 0.9984289833769665
2021-08-19 23:17:59,177 INFO score Mean Acc : 	: 0.7153085554501081
2021-08-19 23:17:59,178 INFO score FreqW Acc : 	: 0.9970416736625476
2021-08-19 23:17:59,179 INFO score Mean IoU : 	: 0.6897505815963261
2021-08-19 23:17:59,179 INFO class_iou: 0: 0.9984274622975553
2021-08-19 23:17:59,180 INFO class_iou: 1: 0.38107370089509696
2021-08-19 23:20:56,226 INFO in epoch[23]  Iter [500/1046]  Loss: 0.20391110 ;  val_loss:0.26956733
2021-08-19 23:23:34,491 INFO in epoch[23]  Iter [1000/1046]  Loss: 0.20533578 ;  val_loss:0.26956733
2021-08-19 23:25:38,371 INFO Iter 24 Val Loss: 0.26711001
2021-08-19 23:25:38,371 INFO ecpch[23] loss: 0.20534372 ;  val_loss:0.26711001 my_total_loss:0.47245372
