2021-10-24 17:23:56,413 INFO Let the games begin
2021-10-24 17:23:56,413 INFO Let the games begin
2021-10-24 17:23:56,413 INFO ========================================
2021-10-24 17:23:56,413 INFO # parameters: 
2021-10-24 17:23:56,413 INFO IMG_H=224
2021-10-24 17:23:56,413 INFO IMG_W=224
2021-10-24 17:23:56,413 INFO img_depth=1
2021-10-24 17:23:56,413 INFO img_depth_out_num=2
2021-10-24 17:23:56,413 INFO batch_size=16
2021-10-24 17:23:56,413 INFO n_classes=2
2021-10-24 17:23:56,413 INFO learning_rate=0.001
2021-10-24 17:23:56,413 INFO patience_scheduler=5
2021-10-24 17:23:56,415 INFO patience_early_stop=10
2021-10-24 17:23:56,415 INFO ReduceLR_factor=0.2
2021-10-24 17:23:56,415 INFO ========================================
2021-10-24 17:23:56,467 INFO ==========================================
2021-10-24 17:23:56,467 INFO Device:cuda
2021-10-24 17:23:56,468 INFO Current cuda device:0
2021-10-24 17:23:56,468 INFO torch.cuda.device_count()=1
2021-10-24 17:23:56,468 INFO ==========================================
2021-10-24 17:23:56,561 INFO ----------------------------------------- load train (133812): C:/Users/user/Documents/python-code/11_c_paper/data/ATLAS/by_id/train/imgs/
2021-10-24 17:23:57,892 INFO Parameters:
2021-10-24 17:23:57,984 INFO Parameters:
2021-10-24 17:24:03,071 INFO predict 100 imgs : 5.086613416671753
2021-10-24 17:24:03,071 INFO predict 100 imgs : 0:00:05.086613
2021-10-24 17:24:03,071 INFO predict FPS is      : 19.65944564850212/s
2021-10-24 17:24:03,071 INFO ------------------------------------------------
2021-10-24 17:24:09,752 INFO predict 1,000 imgs : 6.680799722671509
2021-10-24 17:24:09,753 INFO predict 1,000 imgs : 0:00:06.680800
2021-10-24 17:24:09,753 INFO predict FPS is      : 149.68267894732242/s
2021-10-24 17:24:09,753 INFO ------------------------------------------------
2021-10-24 17:24:51,504 INFO predict 10,000 imgs : 41.75122427940369
2021-10-24 17:24:51,504 INFO predict 10,000 imgs : 0:00:41.751224
2021-10-24 17:24:51,504 INFO predict FPS is      : 239.51393456342558/s
2021-10-24 17:24:51,504 INFO ------------------------------------------------
2021-10-24 17:26:55,275 INFO predict 30,000 imgs : 123.76924300193787
2021-10-24 17:26:55,275 INFO predict 30,000 imgs : 0:02:03.769243
2021-10-24 17:26:55,275 INFO predict FPS is      : 242.38655155651463/s
2021-10-24 17:26:55,275 INFO ------------------------------------------------
2021-10-24 17:30:23,364 INFO predict 50,000 imgs : 208.08691883087158
2021-10-24 17:30:23,364 INFO predict 50,000 imgs : 0:03:28.086919
2021-10-24 17:30:23,364 INFO predict FPS is      : 240.28420566234098/s
2021-10-24 17:30:23,364 INFO ------------------------------------------------
2021-10-24 17:37:19,237 INFO predict 100,000 imgs : 415.8697111606598
2021-10-24 17:37:19,237 INFO predict 100,000 imgs : 0:06:55.869711
2021-10-24 17:37:19,237 INFO predict FPS is      : 240.45992606893114/s
2021-10-24 17:37:19,237 INFO ------------------------------------------------
