2021-09-29 23:40:14,276 INFO Let the games begin
2021-09-30 00:20:44,651 INFO in epoch[0]  Iter [500/4182]  Loss: 0.10489007 ;  val_loss:0.00000000
2021-09-30 00:21:39,979 INFO in epoch[0]  Iter [1000/4182]  Loss: 0.06148384 ;  val_loss:0.00000000
2021-09-30 00:22:35,323 INFO in epoch[0]  Iter [1500/4182]  Loss: 0.04615808 ;  val_loss:0.00000000
2021-09-30 00:23:31,026 INFO in epoch[0]  Iter [2000/4182]  Loss: 0.03795910 ;  val_loss:0.00000000
2021-09-30 00:24:26,916 INFO in epoch[0]  Iter [2500/4182]  Loss: 0.03262565 ;  val_loss:0.00000000
2021-09-30 00:25:23,166 INFO in epoch[0]  Iter [3000/4182]  Loss: 0.02883818 ;  val_loss:0.00000000
2021-09-30 00:26:19,416 INFO in epoch[0]  Iter [3500/4182]  Loss: 0.02599486 ;  val_loss:0.00000000
2021-09-30 00:27:15,229 INFO in epoch[0]  Iter [4000/4182]  Loss: 0.02377832 ;  val_loss:0.00000000
2021-09-30 00:28:58,682 INFO Iter 1 Val Loss: 0.01236337
2021-09-30 00:28:58,682 INFO ecpch[0] loss: 0.02317269 ;  val_loss:0.01236337 my_total_loss:0.03553606
2021-09-30 00:28:58,791 INFO score Overall Acc: 	: 0.9975476351731932
2021-09-30 00:28:58,791 INFO score Mean Acc : 	: 0.7626555870288763
2021-09-30 00:28:58,791 INFO score FreqW Acc : 	: 0.9960356960235196
2021-09-30 00:28:58,791 INFO score Mean IoU : 	: 0.661415110590851
2021-09-30 00:28:58,791 INFO start_iter:0  class_iou: 0: 0.9975447322966319
2021-09-30 00:28:58,791 INFO start_iter:0  class_iou: 1: 0.3252854888850702
2021-09-30 00:30:23,183 INFO in epoch[1]  Iter [500/4182]  Loss: 0.00876392 ;  val_loss:0.01236337
2021-09-30 00:31:19,604 INFO in epoch[1]  Iter [1000/4182]  Loss: 0.00838330 ;  val_loss:0.01236337
2021-09-30 00:32:15,760 INFO in epoch[1]  Iter [1500/4182]  Loss: 0.00802395 ;  val_loss:0.01236337
2021-09-30 00:33:11,854 INFO in epoch[1]  Iter [2000/4182]  Loss: 0.00766640 ;  val_loss:0.01236337
2021-09-30 00:34:08,182 INFO in epoch[1]  Iter [2500/4182]  Loss: 0.00756386 ;  val_loss:0.01236337
2021-09-30 00:35:04,260 INFO in epoch[1]  Iter [3000/4182]  Loss: 0.00742243 ;  val_loss:0.01236337
2021-09-30 00:36:00,463 INFO in epoch[1]  Iter [3500/4182]  Loss: 0.00729252 ;  val_loss:0.01236337
2021-09-30 00:36:56,635 INFO in epoch[1]  Iter [4000/4182]  Loss: 0.00718765 ;  val_loss:0.01236337
2021-09-30 00:38:41,494 INFO Iter 2 Val Loss: 0.00791292
2021-09-30 00:38:41,494 INFO ecpch[1] loss: 0.00717586 ;  val_loss:0.00791292 my_total_loss:0.01508878
2021-09-30 00:38:41,604 INFO score Overall Acc: 	: 0.9984576614290023
2021-09-30 00:38:41,604 INFO score Mean Acc : 	: 0.7176944020143985
2021-09-30 00:38:41,604 INFO score FreqW Acc : 	: 0.997085914376171
2021-09-30 00:38:41,604 INFO score Mean IoU : 	: 0.6932432573185539
2021-09-30 00:38:41,604 INFO start_iter:1  class_iou: 0: 0.9984561516262969
2021-09-30 00:38:41,604 INFO start_iter:1  class_iou: 1: 0.38803036301081084
2021-09-30 00:40:08,557 INFO in epoch[2]  Iter [500/4182]  Loss: 0.00606976 ;  val_loss:0.00791292
2021-09-30 00:41:05,416 INFO in epoch[2]  Iter [1000/4182]  Loss: 0.00577546 ;  val_loss:0.00791292
2021-09-30 00:42:02,213 INFO in epoch[2]  Iter [1500/4182]  Loss: 0.00572684 ;  val_loss:0.00791292
2021-09-30 00:42:59,307 INFO in epoch[2]  Iter [2000/4182]  Loss: 0.00581730 ;  val_loss:0.00791292
2021-09-30 00:43:56,494 INFO in epoch[2]  Iter [2500/4182]  Loss: 0.00561267 ;  val_loss:0.00791292
2021-09-30 00:44:53,119 INFO in epoch[2]  Iter [3000/4182]  Loss: 0.00556677 ;  val_loss:0.00791292
2021-09-30 00:45:49,994 INFO in epoch[2]  Iter [3500/4182]  Loss: 0.00545701 ;  val_loss:0.00791292
2021-09-30 00:46:47,338 INFO in epoch[2]  Iter [4000/4182]  Loss: 0.00536156 ;  val_loss:0.00791292
2021-09-30 00:48:33,353 INFO Iter 3 Val Loss: 0.00750641
2021-09-30 00:48:33,353 INFO ecpch[2] loss: 0.00534281 ;  val_loss:0.00750641 my_total_loss:0.01284922
2021-09-30 00:48:33,525 INFO score Overall Acc: 	: 0.9986177491209778
2021-09-30 00:48:33,525 INFO score Mean Acc : 	: 0.7228952458794903
2021-09-30 00:48:33,525 INFO score FreqW Acc : 	: 0.9973175563664667
2021-09-30 00:48:33,525 INFO score Mean IoU : 	: 0.7093140021170463
2021-09-30 00:48:33,525 INFO start_iter:2  class_iou: 0: 0.9986163641178956
2021-09-30 00:48:33,525 INFO start_iter:2  class_iou: 1: 0.42001164011619696
2021-09-30 00:50:01,244 INFO in epoch[3]  Iter [500/4182]  Loss: 0.00461207 ;  val_loss:0.00750641
2021-09-30 00:50:56,868 INFO in epoch[3]  Iter [1000/4182]  Loss: 0.00483751 ;  val_loss:0.00750641
2021-09-30 00:51:51,165 INFO in epoch[3]  Iter [1500/4182]  Loss: 0.00466490 ;  val_loss:0.00750641
2021-09-30 00:52:45,477 INFO in epoch[3]  Iter [2000/4182]  Loss: 0.00459171 ;  val_loss:0.00750641
2021-09-30 00:53:39,743 INFO in epoch[3]  Iter [2500/4182]  Loss: 0.00443958 ;  val_loss:0.00750641
2021-09-30 00:54:33,977 INFO in epoch[3]  Iter [3000/4182]  Loss: 0.00436923 ;  val_loss:0.00750641
2021-09-30 00:55:28,071 INFO in epoch[3]  Iter [3500/4182]  Loss: 0.00431378 ;  val_loss:0.00750641
2021-09-30 00:56:22,258 INFO in epoch[3]  Iter [4000/4182]  Loss: 0.00425355 ;  val_loss:0.00750641
2021-09-30 00:57:58,351 INFO Iter 4 Val Loss: 0.00748638
2021-09-30 00:57:58,351 INFO ecpch[3] loss: 0.00424937 ;  val_loss:0.00748638 my_total_loss:0.01173575
2021-09-30 00:57:58,445 INFO score Overall Acc: 	: 0.9986273409174796
2021-09-30 00:57:58,445 INFO score Mean Acc : 	: 0.7205524632997
2021-09-30 00:57:58,445 INFO score FreqW Acc : 	: 0.9973251579579526
2021-09-30 00:57:58,445 INFO score Mean IoU : 	: 0.7088749337893615
2021-09-30 00:57:58,445 INFO start_iter:3  class_iou: 0: 0.9986259800538047
2021-09-30 00:57:58,445 INFO start_iter:3  class_iou: 1: 0.4191238875249183
2021-09-30 00:59:20,382 INFO in epoch[4]  Iter [500/4182]  Loss: 0.00350332 ;  val_loss:0.00748638
2021-09-30 01:00:14,851 INFO in epoch[4]  Iter [1000/4182]  Loss: 0.00349643 ;  val_loss:0.00748638
2021-09-30 01:01:09,163 INFO in epoch[4]  Iter [1500/4182]  Loss: 0.00345781 ;  val_loss:0.00748638
2021-09-30 01:02:03,398 INFO in epoch[4]  Iter [2000/4182]  Loss: 0.00350762 ;  val_loss:0.00748638
2021-09-30 01:02:57,757 INFO in epoch[4]  Iter [2500/4182]  Loss: 0.00351535 ;  val_loss:0.00748638
2021-09-30 01:03:52,007 INFO in epoch[4]  Iter [3000/4182]  Loss: 0.00358165 ;  val_loss:0.00748638
2021-09-30 01:04:46,381 INFO in epoch[4]  Iter [3500/4182]  Loss: 0.00353133 ;  val_loss:0.00748638
2021-09-30 01:05:41,022 INFO in epoch[4]  Iter [4000/4182]  Loss: 0.00350560 ;  val_loss:0.00748638
2021-09-30 01:07:17,506 INFO Iter 5 Val Loss: 0.00676803
2021-09-30 01:07:17,506 INFO ecpch[4] loss: 0.00348207 ;  val_loss:0.00676803 my_total_loss:0.01025010
2021-09-30 01:07:17,615 INFO score Overall Acc: 	: 0.9987759326487005
2021-09-30 01:07:17,615 INFO score Mean Acc : 	: 0.7838473385427155
2021-09-30 01:07:17,615 INFO score FreqW Acc : 	: 0.9976775853828346
2021-09-30 01:07:17,615 INFO score Mean IoU : 	: 0.7544715388275183
2021-09-30 01:07:17,615 INFO start_iter:4  class_iou: 0: 0.9987743701057997
2021-09-30 01:07:17,615 INFO start_iter:4  class_iou: 1: 0.5101687075492368
2021-09-30 01:08:39,896 INFO in epoch[5]  Iter [500/4182]  Loss: 0.00315434 ;  val_loss:0.00676803
2021-09-30 01:09:34,318 INFO in epoch[5]  Iter [1000/4182]  Loss: 0.00315154 ;  val_loss:0.00676803
2021-09-30 01:10:28,505 INFO in epoch[5]  Iter [1500/4182]  Loss: 0.00312750 ;  val_loss:0.00676803
2021-09-30 01:11:22,927 INFO in epoch[5]  Iter [2000/4182]  Loss: 0.00315162 ;  val_loss:0.00676803
2021-09-30 01:12:17,411 INFO in epoch[5]  Iter [2500/4182]  Loss: 0.00311337 ;  val_loss:0.00676803
2021-09-30 01:13:11,802 INFO in epoch[5]  Iter [3000/4182]  Loss: 0.00310315 ;  val_loss:0.00676803
2021-09-30 01:14:06,145 INFO in epoch[5]  Iter [3500/4182]  Loss: 0.00307443 ;  val_loss:0.00676803
2021-09-30 01:15:00,458 INFO in epoch[5]  Iter [4000/4182]  Loss: 0.00306478 ;  val_loss:0.00676803
2021-09-30 01:16:37,082 INFO Iter 6 Val Loss: 0.00761290
2021-09-30 01:16:37,082 INFO ecpch[5] loss: 0.00307349 ;  val_loss:0.00761290 my_total_loss:0.01068638
2021-09-30 01:16:37,082 INFO score Overall Acc: 	: 0.9986836729502546
2021-09-30 01:16:37,082 INFO score Mean Acc : 	: 0.7331947598774243
2021-09-30 01:16:37,082 INFO score FreqW Acc : 	: 0.9974350803776719
2021-09-30 01:16:37,082 INFO score Mean IoU : 	: 0.7208724498107838
2021-09-30 01:16:37,098 INFO start_iter:5  class_iou: 0: 0.9986822930701402
2021-09-30 01:16:37,098 INFO start_iter:5  class_iou: 1: 0.4430626065514274
2021-09-30 01:17:59,254 INFO in epoch[6]  Iter [500/4182]  Loss: 0.00262417 ;  val_loss:0.00761290
2021-09-30 01:18:53,675 INFO in epoch[6]  Iter [1000/4182]  Loss: 0.00270921 ;  val_loss:0.00761290
2021-09-30 01:19:48,019 INFO in epoch[6]  Iter [1500/4182]  Loss: 0.00286002 ;  val_loss:0.00761290
2021-09-30 01:20:42,363 INFO in epoch[6]  Iter [2000/4182]  Loss: 0.00282585 ;  val_loss:0.00761290
2021-09-30 01:21:36,909 INFO in epoch[6]  Iter [2500/4182]  Loss: 0.00275460 ;  val_loss:0.00761290
2021-09-30 01:22:31,550 INFO in epoch[6]  Iter [3000/4182]  Loss: 0.00269905 ;  val_loss:0.00761290
2021-09-30 01:23:25,940 INFO in epoch[6]  Iter [3500/4182]  Loss: 0.00267388 ;  val_loss:0.00761290
2021-09-30 01:24:20,581 INFO in epoch[6]  Iter [4000/4182]  Loss: 0.00271751 ;  val_loss:0.00761290
2021-09-30 01:25:57,283 INFO Iter 7 Val Loss: 0.00699028
2021-09-30 01:25:57,299 INFO ecpch[6] loss: 0.00273029 ;  val_loss:0.00699028 my_total_loss:0.00972057
2021-09-30 01:25:57,299 INFO score Overall Acc: 	: 0.9987940475574005
2021-09-30 01:25:57,299 INFO score Mean Acc : 	: 0.7842376911910485
2021-09-30 01:25:57,299 INFO score FreqW Acc : 	: 0.9977047967562248
2021-09-30 01:25:57,299 INFO score Mean IoU : 	: 0.7565111740882005
2021-09-30 01:25:57,299 INFO start_iter:6  class_iou: 0: 0.9987925060643021
2021-09-30 01:25:57,299 INFO start_iter:6  class_iou: 1: 0.5142298421120989
2021-09-30 01:27:19,877 INFO in epoch[7]  Iter [500/4182]  Loss: 0.00246289 ;  val_loss:0.00699028
2021-09-30 01:28:14,205 INFO in epoch[7]  Iter [1000/4182]  Loss: 0.00239608 ;  val_loss:0.00699028
2021-09-30 01:29:08,720 INFO in epoch[7]  Iter [1500/4182]  Loss: 0.00244981 ;  val_loss:0.00699028
2021-09-30 01:30:03,080 INFO in epoch[7]  Iter [2000/4182]  Loss: 0.00245892 ;  val_loss:0.00699028
2021-09-30 01:30:57,642 INFO in epoch[7]  Iter [2500/4182]  Loss: 0.00243449 ;  val_loss:0.00699028
2021-09-30 01:31:52,189 INFO in epoch[7]  Iter [3000/4182]  Loss: 0.00243730 ;  val_loss:0.00699028
2021-09-30 01:32:46,829 INFO in epoch[7]  Iter [3500/4182]  Loss: 0.00245325 ;  val_loss:0.00699028
2021-09-30 01:33:41,188 INFO in epoch[7]  Iter [4000/4182]  Loss: 0.00245667 ;  val_loss:0.00699028
2021-09-30 01:35:18,079 INFO Iter 8 Val Loss: 0.00759662
2021-09-30 01:35:18,079 INFO ecpch[7] loss: 0.00245025 ;  val_loss:0.00759662 my_total_loss:0.01004688
2021-09-30 01:35:18,079 INFO score Overall Acc: 	: 0.998719929129886
2021-09-30 01:35:18,079 INFO score Mean Acc : 	: 0.74764683957444
2021-09-30 01:35:18,079 INFO score FreqW Acc : 	: 0.9975202245823377
2021-09-30 01:35:18,079 INFO score Mean IoU : 	: 0.7318082947070195
2021-09-30 01:35:18,079 INFO start_iter:7  class_iou: 0: 0.9987185039406206
2021-09-30 01:35:18,079 INFO start_iter:7  class_iou: 1: 0.4648980854734183
2021-09-30 01:36:40,250 INFO in epoch[8]  Iter [500/4182]  Loss: 0.00272070 ;  val_loss:0.00759662
2021-09-30 01:37:34,719 INFO in epoch[8]  Iter [1000/4182]  Loss: 0.00246813 ;  val_loss:0.00759662
2021-09-30 01:38:29,328 INFO in epoch[8]  Iter [1500/4182]  Loss: 0.00246734 ;  val_loss:0.00759662
2021-09-30 01:39:23,687 INFO in epoch[8]  Iter [2000/4182]  Loss: 0.00241213 ;  val_loss:0.00759662
2021-09-30 01:40:17,984 INFO in epoch[8]  Iter [2500/4182]  Loss: 0.00236264 ;  val_loss:0.00759662
2021-09-30 01:41:12,249 INFO in epoch[8]  Iter [3000/4182]  Loss: 0.00231673 ;  val_loss:0.00759662
2021-09-30 01:42:06,765 INFO in epoch[8]  Iter [3500/4182]  Loss: 0.00230922 ;  val_loss:0.00759662
2021-09-30 01:43:01,343 INFO in epoch[8]  Iter [4000/4182]  Loss: 0.00228503 ;  val_loss:0.00759662
2021-09-30 01:44:38,280 INFO Iter 9 Val Loss: 0.00820222
2021-09-30 01:44:38,280 INFO ecpch[8] loss: 0.00228398 ;  val_loss:0.00820222 my_total_loss:0.01048619
2021-09-30 01:44:38,280 INFO score Overall Acc: 	: 0.9987938062415901
2021-09-30 01:44:38,280 INFO score Mean Acc : 	: 0.7641936016146966
2021-09-30 01:44:38,280 INFO score FreqW Acc : 	: 0.9976634447676506
2021-09-30 01:44:38,280 INFO score Mean IoU : 	: 0.7473296402634608
2021-09-30 01:44:38,280 INFO start_iter:8  class_iou: 0: 0.9987923734941799
2021-09-30 01:44:38,280 INFO start_iter:8  class_iou: 1: 0.49586690703274183
2021-09-30 01:46:00,576 INFO in epoch[9]  Iter [500/4182]  Loss: 0.00218278 ;  val_loss:0.00820222
2021-09-30 01:46:54,951 INFO in epoch[9]  Iter [1000/4182]  Loss: 0.00211581 ;  val_loss:0.00820222
2021-09-30 01:47:49,373 INFO in epoch[9]  Iter [1500/4182]  Loss: 0.00210314 ;  val_loss:0.00820222
2021-09-30 01:48:44,060 INFO in epoch[9]  Iter [2000/4182]  Loss: 0.00208403 ;  val_loss:0.00820222
2021-09-30 01:49:38,404 INFO in epoch[9]  Iter [2500/4182]  Loss: 0.00209154 ;  val_loss:0.00820222
2021-09-30 01:50:32,747 INFO in epoch[9]  Iter [3000/4182]  Loss: 0.00211077 ;  val_loss:0.00820222
2021-09-30 01:51:27,169 INFO in epoch[9]  Iter [3500/4182]  Loss: 0.00210752 ;  val_loss:0.00820222
2021-09-30 01:52:21,685 INFO in epoch[9]  Iter [4000/4182]  Loss: 0.00210680 ;  val_loss:0.00820222
2021-09-30 01:53:59,387 INFO Iter 10 Val Loss: 0.00811062
2021-09-30 01:53:59,387 INFO ecpch[9] loss: 0.00210504 ;  val_loss:0.00811062 my_total_loss:0.01021567
2021-09-30 01:53:59,387 INFO score Overall Acc: 	: 0.9988379548677301
2021-09-30 01:53:59,387 INFO score Mean Acc : 	: 0.7765242321153984
2021-09-30 01:53:59,387 INFO score FreqW Acc : 	: 0.9977539972095046
2021-09-30 01:53:59,387 INFO score Mean IoU : 	: 0.7577126636106315
2021-09-30 01:53:59,387 INFO start_iter:9  class_iou: 0: 0.9988365100470773
2021-09-30 01:53:59,387 INFO start_iter:9  class_iou: 1: 0.5165888171741857
2021-09-30 01:55:21,575 INFO in epoch[10]  Iter [500/4182]  Loss: 0.00203762 ;  val_loss:0.00811062
2021-09-30 01:56:16,028 INFO in epoch[10]  Iter [1000/4182]  Loss: 0.00205346 ;  val_loss:0.00811062
2021-09-30 01:57:10,543 INFO in epoch[10]  Iter [1500/4182]  Loss: 0.00199295 ;  val_loss:0.00811062
2021-09-30 01:58:04,902 INFO in epoch[10]  Iter [2000/4182]  Loss: 0.00199695 ;  val_loss:0.00811062
2021-09-30 01:58:59,465 INFO in epoch[10]  Iter [2500/4182]  Loss: 0.00198731 ;  val_loss:0.00811062
2021-09-30 01:59:54,121 INFO in epoch[10]  Iter [3000/4182]  Loss: 0.00199799 ;  val_loss:0.00811062
2021-09-30 02:00:48,605 INFO in epoch[10]  Iter [3500/4182]  Loss: 0.00199493 ;  val_loss:0.00811062
2021-09-30 02:01:43,011 INFO in epoch[10]  Iter [4000/4182]  Loss: 0.00200086 ;  val_loss:0.00811062
2021-09-30 02:03:19,651 INFO Iter 11 Val Loss: 0.00947444
2021-09-30 02:03:19,651 INFO ecpch[10] loss: 0.00198316 ;  val_loss:0.00947444 my_total_loss:0.01145759
2021-09-30 02:03:19,651 INFO score Overall Acc: 	: 0.99872705504382
2021-09-30 02:03:19,651 INFO score Mean Acc : 	: 0.7444230949883759
2021-09-30 02:03:19,651 INFO score FreqW Acc : 	: 0.997523139837703
2021-09-30 02:03:19,651 INFO score Mean IoU : 	: 0.7308716520136632
2021-09-30 02:03:19,651 INFO start_iter:10  class_iou: 0: 0.9987256563143434
2021-09-30 02:03:19,651 INFO start_iter:10  class_iou: 1: 0.463017647712983
2021-09-30 02:04:41,823 INFO in epoch[11]  Iter [500/4182]  Loss: 0.00161695 ;  val_loss:0.00947444
2021-09-30 02:05:36,416 INFO in epoch[11]  Iter [1000/4182]  Loss: 0.00167815 ;  val_loss:0.00947444
2021-09-30 02:06:31,135 INFO in epoch[11]  Iter [1500/4182]  Loss: 0.00164237 ;  val_loss:0.00947444
2021-09-30 02:07:25,666 INFO in epoch[11]  Iter [2000/4182]  Loss: 0.00166376 ;  val_loss:0.00947444
2021-09-30 02:08:20,135 INFO in epoch[11]  Iter [2500/4182]  Loss: 0.00165638 ;  val_loss:0.00947444
2021-09-30 02:09:14,681 INFO in epoch[11]  Iter [3000/4182]  Loss: 0.00164808 ;  val_loss:0.00947444
2021-09-30 02:10:09,134 INFO in epoch[11]  Iter [3500/4182]  Loss: 0.00164214 ;  val_loss:0.00947444
2021-09-30 02:11:03,478 INFO in epoch[11]  Iter [4000/4182]  Loss: 0.00164683 ;  val_loss:0.00947444
2021-09-30 02:12:40,540 INFO Iter 12 Val Loss: 0.00963496
2021-09-30 02:12:40,556 INFO ecpch[11] loss: 0.00165186 ;  val_loss:0.00963496 my_total_loss:0.01128682
2021-09-30 02:12:40,556 INFO score Overall Acc: 	: 0.9987550557892952
2021-09-30 02:12:40,556 INFO score Mean Acc : 	: 0.7515542567716206
2021-09-30 02:12:40,556 INFO score FreqW Acc : 	: 0.9975795803917628
2021-09-30 02:12:40,556 INFO score Mean IoU : 	: 0.7372365031424
2021-09-30 02:12:40,556 INFO start_iter:11  class_iou: 0: 0.9987536478703519
2021-09-30 02:12:40,556 INFO start_iter:11  class_iou: 1: 0.4757193584144481
2021-09-30 02:51:58,720 INFO ============================
2021-09-30 02:51:58,720 INFO ----------- in test dataset score in epoch:11 +1 -----------------
2021-09-30 02:51:58,720 INFO {'dice': 0.5038407647648954, 'iou': 0.37766115116498844, 'precision': 0.7276934690933861, 'recall': 0.436376037173877, 'f1_scores': 0.5038407647648954, 'metrics': 2370816.0}
2021-09-30 02:51:58,720 INFO ============================


2021-09-30 02:53:20,766 INFO in epoch[12]  Iter [500/4182]  Loss: 0.00161646 ;  val_loss:0.00963496
2021-09-30 02:54:15,376 INFO in epoch[12]  Iter [1000/4182]  Loss: 0.00152250 ;  val_loss:0.00963496
2021-09-30 02:55:09,829 INFO in epoch[12]  Iter [1500/4182]  Loss: 0.00150697 ;  val_loss:0.00963496
2021-09-30 02:56:04,407 INFO in epoch[12]  Iter [2000/4182]  Loss: 0.00152331 ;  val_loss:0.00963496
2021-09-30 02:56:58,938 INFO in epoch[12]  Iter [2500/4182]  Loss: 0.00154094 ;  val_loss:0.00963496
2021-09-30 02:57:53,219 INFO in epoch[12]  Iter [3000/4182]  Loss: 0.00155618 ;  val_loss:0.00963496
2021-09-30 02:58:47,734 INFO in epoch[12]  Iter [3500/4182]  Loss: 0.00157025 ;  val_loss:0.00963496
2021-09-30 02:59:42,421 INFO in epoch[12]  Iter [4000/4182]  Loss: 0.00156921 ;  val_loss:0.00963496
2021-09-30 03:01:20,281 INFO Iter 13 Val Loss: 0.00924763
2021-09-30 03:01:20,281 INFO ecpch[12] loss: 0.00156813 ;  val_loss:0.00924763 my_total_loss:0.01081576
2021-09-30 03:01:20,281 INFO score Overall Acc: 	: 0.9987686080040991
2021-09-30 03:01:20,281 INFO score Mean Acc : 	: 0.7547410423401046
2021-09-30 03:01:20,281 INFO score FreqW Acc : 	: 0.9976062816553738
2021-09-30 03:01:20,281 INFO score Mean IoU : 	: 0.7401794518554424
2021-09-30 03:01:20,281 INFO start_iter:12  class_iou: 0: 0.998767197751848
2021-09-30 03:01:20,296 INFO start_iter:12  class_iou: 1: 0.4815917059590369
2021-09-30 03:41:23,210 INFO ============================
2021-09-30 03:41:23,210 INFO ----------- in test dataset score in epoch:12 +1 -----------------
2021-09-30 03:41:23,210 INFO {'dice': 0.4821688106720814, 'iou': 0.35777045317293427, 'precision': 0.708080153493589, 'recall': 0.4098087915241762, 'f1_scores': 0.4821688106720814, 'metrics': 2370816.0}
2021-09-30 03:41:23,210 INFO ============================


2021-09-30 03:42:44,976 INFO in epoch[13]  Iter [500/4182]  Loss: 0.00157169 ;  val_loss:0.00924763
2021-09-30 03:43:39,475 INFO in epoch[13]  Iter [1000/4182]  Loss: 0.00153507 ;  val_loss:0.00924763
2021-09-30 03:44:34,006 INFO in epoch[13]  Iter [1500/4182]  Loss: 0.00149776 ;  val_loss:0.00924763
2021-09-30 03:45:28,334 INFO in epoch[13]  Iter [2000/4182]  Loss: 0.00148983 ;  val_loss:0.00924763
2021-09-30 03:46:22,616 INFO in epoch[13]  Iter [2500/4182]  Loss: 0.00150647 ;  val_loss:0.00924763
2021-09-30 03:47:17,022 INFO in epoch[13]  Iter [3000/4182]  Loss: 0.00151086 ;  val_loss:0.00924763
2021-09-30 03:48:11,506 INFO in epoch[13]  Iter [3500/4182]  Loss: 0.00150663 ;  val_loss:0.00924763
2021-09-30 03:49:06,131 INFO in epoch[13]  Iter [4000/4182]  Loss: 0.00149229 ;  val_loss:0.00924763
2021-09-30 03:50:43,208 INFO Iter 14 Val Loss: 0.00977770
2021-09-30 03:50:43,208 INFO ecpch[13] loss: 0.00148930 ;  val_loss:0.00977770 my_total_loss:0.01126700
2021-09-30 03:50:43,208 INFO score Overall Acc: 	: 0.9987695671837493
2021-09-30 03:50:43,208 INFO score Mean Acc : 	: 0.7606111721973964
2021-09-30 03:50:43,208 INFO score FreqW Acc : 	: 0.9976204408046285
2021-09-30 03:50:43,208 INFO score Mean IoU : 	: 0.7431276115819376
2021-09-30 03:50:43,208 INFO start_iter:13  class_iou: 0: 0.9987681254578229
2021-09-30 03:50:43,208 INFO start_iter:13  class_iou: 1: 0.48748709770605236
2021-09-30 04:29:50,185 INFO ============================
2021-09-30 04:29:50,185 INFO ----------- in test dataset score in epoch:13 +1 -----------------
2021-09-30 04:29:50,185 INFO {'dice': 0.5072982933303046, 'iou': 0.38324926145312105, 'precision': 0.7120254699468165, 'recall': 0.4412877110478837, 'f1_scores': 0.5072982933303046, 'metrics': 2370816.0}
2021-09-30 04:29:50,185 INFO ============================


2021-09-30 04:31:12,357 INFO in epoch[14]  Iter [500/4182]  Loss: 0.00137932 ;  val_loss:0.00977770
2021-09-30 04:32:07,044 INFO in epoch[14]  Iter [1000/4182]  Loss: 0.00138456 ;  val_loss:0.00977770
2021-09-30 04:33:01,747 INFO in epoch[14]  Iter [1500/4182]  Loss: 0.00141470 ;  val_loss:0.00977770
2021-09-30 04:33:56,575 INFO in epoch[14]  Iter [2000/4182]  Loss: 0.00141843 ;  val_loss:0.00977770
2021-09-30 04:34:50,887 INFO in epoch[14]  Iter [2500/4182]  Loss: 0.00140892 ;  val_loss:0.00977770
2021-09-30 04:35:45,465 INFO in epoch[14]  Iter [3000/4182]  Loss: 0.00141729 ;  val_loss:0.00977770
2021-09-30 04:36:39,981 INFO in epoch[14]  Iter [3500/4182]  Loss: 0.00142611 ;  val_loss:0.00977770
2021-09-30 04:37:34,449 INFO in epoch[14]  Iter [4000/4182]  Loss: 0.00144048 ;  val_loss:0.00977770
2021-09-30 04:39:11,230 INFO Iter 15 Val Loss: 0.01017466
2021-09-30 04:39:11,230 INFO ecpch[14] loss: 0.00144928 ;  val_loss:0.01017466 my_total_loss:0.01162393
2021-09-30 04:39:11,230 INFO score Overall Acc: 	: 0.9987400678468121
2021-09-30 04:39:11,230 INFO score Mean Acc : 	: 0.7487971506013398
2021-09-30 04:39:11,230 INFO score FreqW Acc : 	: 0.9975517670876731
2021-09-30 04:39:11,230 INFO score Mean IoU : 	: 0.734365029927576
2021-09-30 04:39:11,230 INFO start_iter:14  class_iou: 0: 0.9987386586008271
2021-09-30 04:39:11,230 INFO start_iter:14  class_iou: 1: 0.469991401254325
2021-09-30 05:18:35,176 INFO ============================
2021-09-30 05:18:35,176 INFO ----------- in test dataset score in epoch:14 +1 -----------------
2021-09-30 05:18:35,176 INFO {'dice': 0.5090993807409779, 'iou': 0.3836383764992653, 'precision': 0.71516271004458, 'recall': 0.4401584374455449, 'f1_scores': 0.5090993807409779, 'metrics': 2370816.0}
2021-09-30 05:18:35,176 INFO ============================


2021-09-30 05:19:57,019 INFO in epoch[15]  Iter [500/4182]  Loss: 0.00134896 ;  val_loss:0.01017466
2021-09-30 05:20:51,394 INFO in epoch[15]  Iter [1000/4182]  Loss: 0.00136073 ;  val_loss:0.01017466
2021-09-30 05:21:45,909 INFO in epoch[15]  Iter [1500/4182]  Loss: 0.00137597 ;  val_loss:0.01017466
2021-09-30 05:22:40,409 INFO in epoch[15]  Iter [2000/4182]  Loss: 0.00138361 ;  val_loss:0.01017466
2021-09-30 05:23:34,925 INFO in epoch[15]  Iter [2500/4182]  Loss: 0.00139322 ;  val_loss:0.01017466
2021-09-30 05:24:29,299 INFO in epoch[15]  Iter [3000/4182]  Loss: 0.00140171 ;  val_loss:0.01017466
2021-09-30 05:25:23,752 INFO in epoch[15]  Iter [3500/4182]  Loss: 0.00140479 ;  val_loss:0.01017466
2021-09-30 05:26:18,268 INFO in epoch[15]  Iter [4000/4182]  Loss: 0.00140343 ;  val_loss:0.01017466
2021-09-30 05:27:55,424 INFO Iter 16 Val Loss: 0.01023932
2021-09-30 05:27:55,424 INFO ecpch[15] loss: 0.00139650 ;  val_loss:0.01023932 my_total_loss:0.01163582
2021-09-30 05:27:55,424 INFO score Overall Acc: 	: 0.9987679347532664
2021-09-30 05:27:55,424 INFO score Mean Acc : 	: 0.7606090021074978
2021-09-30 05:27:55,424 INFO score FreqW Acc : 	: 0.997618063668554
2021-09-30 05:27:55,424 INFO score Mean IoU : 	: 0.7429605225087992
2021-09-30 05:27:55,424 INFO start_iter:15  class_iou: 0: 0.9987664911220974
2021-09-30 05:27:55,424 INFO start_iter:15  class_iou: 1: 0.487154553895501
2021-09-30 06:07:14,104 INFO ============================
2021-09-30 06:07:14,104 INFO ----------- in test dataset score in epoch:15 +1 -----------------
2021-09-30 06:07:14,104 INFO {'dice': 0.505186917107703, 'iou': 0.3794433811997242, 'precision': 0.6992724886946233, 'recall': 0.44355523339298997, 'f1_scores': 0.505186917107703, 'metrics': 2370816.0}
2021-09-30 06:07:14,104 INFO ============================


2021-09-30 06:08:35,947 INFO in epoch[16]  Iter [500/4182]  Loss: 0.00131346 ;  val_loss:0.01023932
2021-09-30 06:09:30,463 INFO in epoch[16]  Iter [1000/4182]  Loss: 0.00130866 ;  val_loss:0.01023932
2021-09-30 06:10:25,056 INFO in epoch[16]  Iter [1500/4182]  Loss: 0.00135758 ;  val_loss:0.01023932
2021-09-30 06:11:19,650 INFO in epoch[16]  Iter [2000/4182]  Loss: 0.00134206 ;  val_loss:0.01023932
2021-09-30 06:12:14,415 INFO in epoch[16]  Iter [2500/4182]  Loss: 0.00134391 ;  val_loss:0.01023932
2021-09-30 06:13:08,962 INFO in epoch[16]  Iter [3000/4182]  Loss: 0.00134907 ;  val_loss:0.01023932
2021-09-30 06:14:03,462 INFO in epoch[16]  Iter [3500/4182]  Loss: 0.00135738 ;  val_loss:0.01023932
2021-09-30 06:14:57,868 INFO in epoch[16]  Iter [4000/4182]  Loss: 0.00136035 ;  val_loss:0.01023932
2021-09-30 06:16:35,961 INFO Iter 17 Val Loss: 0.00999985
2021-09-30 06:16:35,961 INFO ecpch[16] loss: 0.00136386 ;  val_loss:0.00999985 my_total_loss:0.01136372
2021-09-30 06:16:35,977 INFO score Overall Acc: 	: 0.9987851533460989
2021-09-30 06:16:35,977 INFO score Mean Acc : 	: 0.7636096916575921
2021-09-30 06:16:35,977 INFO score FreqW Acc : 	: 0.9976495585487182
2021-09-30 06:16:35,977 INFO score Mean IoU : 	: 0.7461568679752403
2021-09-30 06:16:35,977 INFO start_iter:16  class_iou: 0: 0.9987837134962008
2021-09-30 06:16:35,977 INFO start_iter:16  class_iou: 1: 0.49353002245427985
2021-09-30 06:56:04,703 INFO ============================
2021-09-30 06:56:04,703 INFO ----------- in test dataset score in epoch:16 +1 -----------------
2021-09-30 06:56:04,703 INFO {'dice': 0.4943811029788226, 'iou': 0.36807534775395834, 'precision': 0.7145095797831174, 'recall': 0.4283273793232911, 'f1_scores': 0.4943811029788226, 'metrics': 2370816.0}
2021-09-30 06:56:04,703 INFO ============================


2021-09-30 06:57:26,203 INFO in epoch[17]  Iter [500/4182]  Loss: 0.00124001 ;  val_loss:0.00999985
2021-09-30 06:58:20,390 INFO in epoch[17]  Iter [1000/4182]  Loss: 0.00125055 ;  val_loss:0.00999985
2021-09-30 06:59:14,672 INFO in epoch[17]  Iter [1500/4182]  Loss: 0.00129223 ;  val_loss:0.00999985
2021-09-30 07:00:08,984 INFO in epoch[17]  Iter [2000/4182]  Loss: 0.00126621 ;  val_loss:0.00999985
2021-09-30 07:01:03,202 INFO in epoch[17]  Iter [2500/4182]  Loss: 0.00127353 ;  val_loss:0.00999985
2021-09-30 07:01:57,562 INFO in epoch[17]  Iter [3000/4182]  Loss: 0.00126219 ;  val_loss:0.00999985
2021-09-30 07:02:51,671 INFO in epoch[17]  Iter [3500/4182]  Loss: 0.00125118 ;  val_loss:0.00999985
2021-09-30 07:03:45,780 INFO in epoch[17]  Iter [4000/4182]  Loss: 0.00124963 ;  val_loss:0.00999985
2021-09-30 07:05:22,623 INFO Iter 18 Val Loss: 0.01088577
2021-09-30 07:05:22,623 INFO ecpch[17] loss: 0.00124879 ;  val_loss:0.01088577 my_total_loss:0.01213456
2021-09-30 07:05:22,623 INFO score Overall Acc: 	: 0.9987809171382992
2021-09-30 07:05:22,623 INFO score Mean Acc : 	: 0.7615871728031767
2021-09-30 07:05:22,623 INFO score FreqW Acc : 	: 0.997639059889803
2021-09-30 07:05:22,623 INFO score Mean IoU : 	: 0.7447563548726002
2021-09-30 07:05:22,623 INFO start_iter:17  class_iou: 0: 0.9987794833763625
2021-09-30 07:05:22,623 INFO start_iter:17  class_iou: 1: 0.49073322636883776
2021-09-30 07:44:52,194 INFO ============================
2021-09-30 07:44:52,194 INFO ----------- in test dataset score in epoch:17 +1 -----------------
2021-09-30 07:44:52,194 INFO {'dice': 0.4996154317069479, 'iou': 0.37479841079636006, 'precision': 0.7146635675173102, 'recall': 0.4313915267987418, 'f1_scores': 0.4996154317069479, 'metrics': 2370816.0}
2021-09-30 07:44:52,194 INFO ============================


2021-09-30 07:46:14,334 INFO in epoch[18]  Iter [500/4182]  Loss: 0.00123134 ;  val_loss:0.01088577
2021-09-30 07:47:08,771 INFO in epoch[18]  Iter [1000/4182]  Loss: 0.00118663 ;  val_loss:0.01088577
2021-09-30 07:48:03,131 INFO in epoch[18]  Iter [1500/4182]  Loss: 0.00120015 ;  val_loss:0.01088577
2021-09-30 07:48:57,740 INFO in epoch[18]  Iter [2000/4182]  Loss: 0.00120382 ;  val_loss:0.01088577
2021-09-30 07:49:52,052 INFO in epoch[18]  Iter [2500/4182]  Loss: 0.00119947 ;  val_loss:0.01088577
2021-09-30 07:50:46,630 INFO in epoch[18]  Iter [3000/4182]  Loss: 0.00119990 ;  val_loss:0.01088577
2021-09-30 07:51:41,583 INFO in epoch[18]  Iter [3500/4182]  Loss: 0.00120658 ;  val_loss:0.01088577
2021-09-30 07:52:36,005 INFO in epoch[18]  Iter [4000/4182]  Loss: 0.00120746 ;  val_loss:0.01088577
2021-09-30 07:54:12,676 INFO Iter 19 Val Loss: 0.01139619
2021-09-30 07:54:12,676 INFO ecpch[18] loss: 0.00120767 ;  val_loss:0.01139619 my_total_loss:0.01260386
2021-09-30 07:54:12,676 INFO score Overall Acc: 	: 0.9987842185008161
2021-09-30 07:54:12,676 INFO score Mean Acc : 	: 0.7600493061885808
2021-09-30 07:54:12,676 INFO score FreqW Acc : 	: 0.9976405695695821
2021-09-30 07:54:12,676 INFO score Mean IoU : 	: 0.744357835774831
2021-09-30 07:54:12,676 INFO start_iter:18  class_iou: 0: 0.9987827970633124
2021-09-30 07:54:12,676 INFO start_iter:18  class_iou: 1: 0.4899328744863494
2021-09-30 08:33:00,622 INFO ============================
2021-09-30 08:33:00,622 INFO ----------- in test dataset score in epoch:18 +1 -----------------
2021-09-30 08:33:00,622 INFO {'dice': 0.49290169713368903, 'iou': 0.3697445867242519, 'precision': 0.7157467029814341, 'recall': 0.4243686141627027, 'f1_scores': 0.49290169713368903, 'metrics': 2370816.0}
2021-09-30 08:33:00,622 INFO ============================


2021-09-30 08:34:22,544 INFO in epoch[19]  Iter [500/4182]  Loss: 0.00121149 ;  val_loss:0.01139619
2021-09-30 08:35:16,778 INFO in epoch[19]  Iter [1000/4182]  Loss: 0.00115426 ;  val_loss:0.01139619
2021-09-30 08:36:11,137 INFO in epoch[19]  Iter [1500/4182]  Loss: 0.00116761 ;  val_loss:0.01139619
2021-09-30 08:37:05,684 INFO in epoch[19]  Iter [2000/4182]  Loss: 0.00117048 ;  val_loss:0.01139619
2021-09-30 08:38:00,090 INFO in epoch[19]  Iter [2500/4182]  Loss: 0.00118239 ;  val_loss:0.01139619
2021-09-30 08:38:54,511 INFO in epoch[19]  Iter [3000/4182]  Loss: 0.00117597 ;  val_loss:0.01139619
2021-09-30 08:39:48,902 INFO in epoch[19]  Iter [3500/4182]  Loss: 0.00117208 ;  val_loss:0.01139619
2021-09-30 08:40:43,214 INFO in epoch[19]  Iter [4000/4182]  Loss: 0.00117513 ;  val_loss:0.01139619
2021-09-30 08:42:19,198 INFO Iter 20 Val Loss: 0.01108539
2021-09-30 08:42:19,198 INFO ecpch[19] loss: 0.00118311 ;  val_loss:0.01108539 my_total_loss:0.01226850
2021-09-30 09:21:02,347 INFO ============================
2021-09-30 09:21:02,347 INFO =============  in best model ===============
2021-09-30 09:21:02,347 INFO {'dice': 0.5066211961088414, 'iou': 0.3773621469999878, 'precision': 0.7358085209358296, 'recall': 0.43316574795407736, 'f1_scores': 0.5066211961088414, 'metrics': 2370816.0}
2021-09-30 09:21:02,347 INFO ============================


