2021-10-24 17:02:32,976 INFO Let the games begin
2021-10-24 17:02:32,976 INFO Let the games begin
2021-10-24 17:02:32,976 INFO ========================================
2021-10-24 17:02:32,976 INFO # parameters: 
2021-10-24 17:02:32,977 INFO IMG_H=224
2021-10-24 17:02:32,977 INFO IMG_W=224
2021-10-24 17:02:32,977 INFO img_depth=1
2021-10-24 17:02:32,977 INFO img_depth_out_num=2
2021-10-24 17:02:32,977 INFO batch_size=16
2021-10-24 17:02:32,977 INFO n_classes=2
2021-10-24 17:02:32,977 INFO learning_rate=0.001
2021-10-24 17:02:32,977 INFO patience_scheduler=5
2021-10-24 17:02:32,977 INFO patience_early_stop=10
2021-10-24 17:02:32,977 INFO ReduceLR_factor=0.2
2021-10-24 17:02:32,977 INFO ========================================
2021-10-24 17:02:33,039 INFO ==========================================
2021-10-24 17:02:33,039 INFO Device:cuda
2021-10-24 17:02:33,040 INFO Current cuda device:0
2021-10-24 17:02:33,040 INFO torch.cuda.device_count()=1
2021-10-24 17:02:33,040 INFO ==========================================
2021-10-24 17:02:33,141 INFO ----------------------------------------- load train (133812): C:/Users/user/Documents/python-code/11_c_paper/data/ATLAS/by_id/train/imgs/
2021-10-24 17:02:34,397 INFO Parameters:4104288
2021-10-24 17:02:35,812 INFO Parameters:4104288
2021-10-24 17:02:39,849 INFO predict 100 imgs : 4.035043478012085
2021-10-24 17:02:39,849 INFO predict 100 imgs : 0:00:04.035043
2021-10-24 17:02:39,850 INFO predict FPS is      : 24.78288041874242/s
2021-10-24 17:02:39,850 INFO ------------------------------------------------
2021-10-24 17:02:46,625 INFO predict 1,000 imgs : 6.775180816650391
2021-10-24 17:02:46,625 INFO predict 1,000 imgs : 0:00:06.775180
2021-10-24 17:02:46,625 INFO predict FPS is      : 147.59753681295757/s
2021-10-24 17:02:46,625 INFO ------------------------------------------------
2021-10-24 17:03:22,215 INFO predict 10,000 imgs : 35.5885648727417
2021-10-24 17:03:22,215 INFO predict 10,000 imgs : 0:00:35.588565
2021-10-24 17:03:22,215 INFO predict FPS is      : 280.98913332859024/s
2021-10-24 17:03:22,215 INFO ------------------------------------------------
2021-10-24 17:05:01,442 INFO predict 30,000 imgs : 99.22543025016785
2021-10-24 17:05:01,442 INFO predict 30,000 imgs : 0:01:39.225431
2021-10-24 17:05:01,442 INFO predict FPS is      : 302.34184849956097/s
2021-10-24 17:05:01,442 INFO ------------------------------------------------
2021-10-24 17:07:44,921 INFO predict 50,000 imgs : 163.4776155948639
2021-10-24 17:07:44,921 INFO predict 50,000 imgs : 0:02:43.477616
2021-10-24 17:07:44,921 INFO predict FPS is      : 305.85227107735534/s
2021-10-24 17:07:44,921 INFO ------------------------------------------------
2021-10-24 17:13:10,041 INFO predict 100,000 imgs : 325.1177535057068
2021-10-24 17:13:10,041 INFO predict 100,000 imgs : 0:05:25.117753
2021-10-24 17:13:10,041 INFO predict FPS is      : 307.5808654609343/s
2021-10-24 17:13:10,041 INFO ------------------------------------------------
